Using pre-set license
Built from '2021.3/staging' branch; Version is '2021.3.24f1 (cf10dcf7010d) revision 13570268'; Using compiler version '192829333'; Build Type 'Release'
OS: 'Windows 10  (10.0.19045) 64bit CoreSingleLanguage' Language: 'en' Physical Memory: 16296 MB
BatchMode: 1, IsHumanControllingUs: 0, StartBugReporterOnCrash: 0, Is64bit: 1, IsPro: 1

COMMAND LINE ARGUMENTS:
C:\Program Files\Unity\Hub\Editor\2021.3.24f1\Editor\Unity.exe
-adb2
-batchMode
-noUpm
-name
AssetImportWorker1
-projectPath
C:/Users/USER/MobGameDev2_Project Dessert
-logFile
Logs/AssetImportWorker1.log
-srvPort
57663
Successfully changed project path to: C:/Users/USER/MobGameDev2_Project Dessert
C:/Users/USER/MobGameDev2_Project Dessert
[UnityMemory] Configuration Parameters - Can be set up in boot.config
    "memorysetup-bucket-allocator-granularity=16"
    "memorysetup-bucket-allocator-bucket-count=8"
    "memorysetup-bucket-allocator-block-size=33554432"
    "memorysetup-bucket-allocator-block-count=8"
    "memorysetup-main-allocator-block-size=16777216"
    "memorysetup-thread-allocator-block-size=16777216"
    "memorysetup-gfx-main-allocator-block-size=16777216"
    "memorysetup-gfx-thread-allocator-block-size=16777216"
    "memorysetup-cache-allocator-block-size=4194304"
    "memorysetup-typetree-allocator-block-size=2097152"
    "memorysetup-profiler-bucket-allocator-granularity=16"
    "memorysetup-profiler-bucket-allocator-bucket-count=8"
    "memorysetup-profiler-bucket-allocator-block-size=33554432"
    "memorysetup-profiler-bucket-allocator-block-count=8"
    "memorysetup-profiler-allocator-block-size=16777216"
    "memorysetup-profiler-editor-allocator-block-size=1048576"
    "memorysetup-temp-allocator-size-main=16777216"
    "memorysetup-job-temp-allocator-block-size=2097152"
    "memorysetup-job-temp-allocator-block-size-background=1048576"
    "memorysetup-job-temp-allocator-reduction-small-platforms=262144"
    "memorysetup-temp-allocator-size-background-worker=32768"
    "memorysetup-temp-allocator-size-job-worker=262144"
    "memorysetup-temp-allocator-size-preload-manager=33554432"
    "memorysetup-temp-allocator-size-nav-mesh-worker=65536"
    "memorysetup-temp-allocator-size-audio-worker=65536"
    "memorysetup-temp-allocator-size-cloud-worker=32768"
    "memorysetup-temp-allocator-size-gi-baking-worker=262144"
    "memorysetup-temp-allocator-size-gfx=262144"
Player connection [8204] Host "[IP] 192.168.43.115 [Port] 0 [Flags] 2 [Guid] 443006514 [EditorId] 443006514 [Version] 1048832 [Id] WindowsEditor(7,DESKTOP-7BKSQCP) [Debug] 1 [PackageName] WindowsEditor [ProjectName] Editor" joined multi-casting on [225.0.0.222:54997]...

Player connection [8204] Host "[IP] 192.168.43.115 [Port] 0 [Flags] 2 [Guid] 443006514 [EditorId] 443006514 [Version] 1048832 [Id] WindowsEditor(7,DESKTOP-7BKSQCP) [Debug] 1 [PackageName] WindowsEditor [ProjectName] Editor" joined alternative multi-casting on [225.0.0.222:34997]...

Refreshing native plugins compatible for Editor in 149.29 ms, found 3 plugins.
Preloading 0 native plugins for Editor in 0.00 ms.
Initialize engine version: 2021.3.24f1 (cf10dcf7010d)
[Subsystems] Discovering subsystems at path C:/Program Files/Unity/Hub/Editor/2021.3.24f1/Editor/Data/Resources/UnitySubsystems
[Subsystems] Discovering subsystems at path C:/Users/USER/MobGameDev2_Project Dessert/Assets
GfxDevice: creating device client; threaded=0; jobified=0
Direct3D:
    Version:  Direct3D 11.0 [level 11.0]
    Renderer: NVIDIA GeForce GTX 860M (ID=0x1392)
    Vendor:   NVIDIA
    VRAM:     4064 MB
    Driver:   21.21.13.7667
Initialize mono
Mono path[0] = 'C:/Program Files/Unity/Hub/Editor/2021.3.24f1/Editor/Data/Managed'
Mono path[1] = 'C:/Program Files/Unity/Hub/Editor/2021.3.24f1/Editor/Data/MonoBleedingEdge/lib/mono/unityjit-win32'
Mono config path = 'C:/Program Files/Unity/Hub/Editor/2021.3.24f1/Editor/Data/MonoBleedingEdge/etc'
Using monoOptions --debugger-agent=transport=dt_socket,embedding=1,server=y,suspend=n,address=127.0.0.1:56500
Begin MonoManager ReloadAssembly
Registering precompiled unity dll's ...
Register platform support module: C:/Program Files/Unity/Hub/Editor/2021.3.24f1/Editor/Data/PlaybackEngines/AndroidPlayer/UnityEditor.Android.Extensions.dll
Register platform support module: C:/Program Files/Unity/Hub/Editor/2021.3.24f1/Editor/Data/PlaybackEngines/WindowsStandaloneSupport/UnityEditor.WindowsStandalone.Extensions.dll
Registered in 0.017221 seconds.
Native extension for WindowsStandalone target not found
Native extension for Android target not found
Android Extension - Scanning For ADB Devices 541 ms
Refreshing native plugins compatible for Editor in 136.08 ms, found 3 plugins.
Preloading 0 native plugins for Editor in 0.00 ms.
Mono: successfully reloaded assembly
- Completed reload, in  1.810 seconds
Domain Reload Profiling:
	ReloadAssembly (1810ms)
		BeginReloadAssembly (172ms)
			ExecutionOrderSort (0ms)
			DisableScriptedObjects (0ms)
			BackupInstance (0ms)
			ReleaseScriptingObjects (0ms)
			CreateAndSetChildDomain (1ms)
		EndReloadAssembly (1447ms)
			LoadAssemblies (169ms)
			RebuildTransferFunctionScriptingTraits (0ms)
			SetupTypeCache (221ms)
			ReleaseScriptCaches (0ms)
			RebuildScriptCaches (56ms)
			SetupLoadedEditorAssemblies (1070ms)
				LogAssemblyErrors (0ms)
				InitializePlatformSupportModulesInManaged (672ms)
				SetLoadedEditorAssemblies (1ms)
				RefreshPlugins (136ms)
				BeforeProcessingInitializeOnLoad (2ms)
				ProcessInitializeOnLoadAttributes (177ms)
				ProcessInitializeOnLoadMethodAttributes (82ms)
				AfterProcessingInitializeOnLoad (0ms)
				EditorAssembliesLoaded (0ms)
			ExecutionOrderSort2 (0ms)
			AwakeInstancesAfterBackupRestoration (0ms)
Platform modules already initialized, skipping
Registering precompiled user dll's ...
Registered in 0.009576 seconds.
Begin MonoManager ReloadAssembly
Symbol file LoadedFromMemory doesn't match image C:\Users\USER\MobGameDev2_Project Dessert\Library\PackageCache\com.unity.visualscripting@1.8.0\Editor\VisualScripting.Core\Dependencies\YamlDotNet\Unity.VisualScripting.YamlDotNet.dll
Symbol file LoadedFromMemory doesn't match image C:\Users\USER\MobGameDev2_Project Dessert\Library\PackageCache\com.unity.visualscripting@1.8.0\Editor\VisualScripting.Core\Dependencies\DotNetZip\Unity.VisualScripting.IonicZip.dll
Native extension for WindowsStandalone target not found
Native extension for Android target not found
Refreshing native plugins compatible for Editor in 0.79 ms, found 3 plugins.
Preloading 0 native plugins for Editor in 0.00 ms.
Mono: successfully reloaded assembly
- Completed reload, in  1.883 seconds
Domain Reload Profiling:
	ReloadAssembly (1884ms)
		BeginReloadAssembly (222ms)
			ExecutionOrderSort (0ms)
			DisableScriptedObjects (10ms)
			BackupInstance (0ms)
			ReleaseScriptingObjects (0ms)
			CreateAndSetChildDomain (38ms)
		EndReloadAssembly (1459ms)
			LoadAssemblies (161ms)
			RebuildTransferFunctionScriptingTraits (0ms)
			SetupTypeCache (507ms)
			ReleaseScriptCaches (1ms)
			RebuildScriptCaches (98ms)
			SetupLoadedEditorAssemblies (642ms)
				LogAssemblyErrors (0ms)
				InitializePlatformSupportModulesInManaged (33ms)
				SetLoadedEditorAssemblies (1ms)
				RefreshPlugins (1ms)
				BeforeProcessingInitializeOnLoad (154ms)
				ProcessInitializeOnLoadAttributes (402ms)
				ProcessInitializeOnLoadMethodAttributes (38ms)
				AfterProcessingInitializeOnLoad (13ms)
				EditorAssembliesLoaded (0ms)
			ExecutionOrderSort2 (0ms)
			AwakeInstancesAfterBackupRestoration (11ms)
Platform modules already initialized, skipping
========================================================================
Worker process is ready to serve import requests
Launched and connected shader compiler UnityShaderCompiler.exe after 0.09 seconds
Refreshing native plugins compatible for Editor in 0.78 ms, found 3 plugins.
Preloading 0 native plugins for Editor in 0.00 ms.
Unloading 3053 Unused Serialized files (Serialized files now loaded: 0)
Unloading 24 unused Assets / (113.3 KB). Loaded Objects now: 3519.
Memory consumption went from 109.7 MB to 109.6 MB.
Total: 4.949800 ms (FindLiveObjects: 0.630700 ms CreateObjectMapping: 0.480500 ms MarkObjects: 3.680200 ms  DeleteObjects: 0.156500 ms)

AssetImportParameters requested are different than current active one (requested -> active):
  custom:video-decoder-ogg-theora: a1e56fd34408186e4bbccfd4996cb3dc -> 
  custom:container-muxer-webm: aa71ff27fc2769a1b78a27578f13a17b -> 
  custom:container-demuxer-webm: 4f35f7cbe854078d1ac9338744f61a02 -> 
  custom:video-encoder-webm-vp8: eb34c28f22e8b96e1ab97ce403110664 -> 
  custom:audio-encoder-webm-vorbis: bf7c407c2cedff20999df2af8eb42d56 -> 
  custom:framework-win-MediaFoundation: 216162199b28c13a410421893ffa2e32 -> 
  custom:container-demuxer-ogg: 62fdf1f143b41e24485cea50d1cbac27 -> 
  custom:video-decoder-webm-vp8: 9c59270c3fd7afecdb556c50c9e8de78 -> 
  custom:audio-decoder-ogg-vorbis: bf7c407c2cedff20999df2af8eb42d56 -> 
========================================================================
Received Import Request.
  Time since last request: 335792.899274 seconds.
  path: Assets/Assists/Food Pack-Demo/Prefabs/Salmon Cut.prefab
  artifactKey: Guid(3033aaa6052ed4b40b0f4d7b951b5095) Importer(815301076,1909f56bfc062723c751e8b465ee728b)
Start importing Assets/Assists/Food Pack-Demo/Prefabs/Salmon Cut.prefab using Guid(3033aaa6052ed4b40b0f4d7b951b5095) Importer(815301076,1909f56bfc062723c751e8b465ee728b)  -> (artifact id: '542b2ef6c6a878613fade2b6dff5eeec') in 0.306112 seconds 
========================================================================
Received Import Request.
  Time since last request: 0.000046 seconds.
  path: Assets/Assists/Food Pack-Demo/Prefabs/Melon half.prefab
  artifactKey: Guid(f0fd291f44341a44fb9dc45391324a25) Importer(815301076,1909f56bfc062723c751e8b465ee728b)
Start importing Assets/Assists/Food Pack-Demo/Prefabs/Melon half.prefab using Guid(f0fd291f44341a44fb9dc45391324a25) Importer(815301076,1909f56bfc062723c751e8b465ee728b)  -> (artifact id: 'db5ed7501de64af3cb8364b288e01f95') in 0.059016 seconds 
========================================================================
Received Import Request.
  Time since last request: 0.000050 seconds.
  path: Assets/Assists/Food Pack-Demo/Prefabs/Soda can C.prefab
  artifactKey: Guid(967bda6cd12c7c34d852681f280bdfef) Importer(815301076,1909f56bfc062723c751e8b465ee728b)
Start importing Assets/Assists/Food Pack-Demo/Prefabs/Soda can C.prefab using Guid(967bda6cd12c7c34d852681f280bdfef) Importer(815301076,1909f56bfc062723c751e8b465ee728b)  -> (artifact id: 'de0f9997450a180d5bd52c163cd949e9') in 0.043961 seconds 
========================================================================
Received Import Request.
  Time since last request: 0.000029 seconds.
  path: Assets/Assists/Food Pack-Demo/Prefabs/Tamago.prefab
  artifactKey: Guid(8ecb5feff6a409a4b98498c13fe52d5e) Importer(815301076,1909f56bfc062723c751e8b465ee728b)
Start importing Assets/Assists/Food Pack-Demo/Prefabs/Tamago.prefab using Guid(8ecb5feff6a409a4b98498c13fe52d5e) Importer(815301076,1909f56bfc062723c751e8b465ee728b)  -> (artifact id: 'bdd78a3c1b3592a9b30019a29a56e895') in 0.047556 seconds 
========================================================================
Received Import Request.
  Time since last request: 0.000034 seconds.
  path: Assets/Assists/Food Pack-Demo/Prefabs/Peach.prefab
  artifactKey: Guid(c5240644e1df8364aa4cea385c7cf092) Importer(815301076,1909f56bfc062723c751e8b465ee728b)
Start importing Assets/Assists/Food Pack-Demo/Prefabs/Peach.prefab using Guid(c5240644e1df8364aa4cea385c7cf092) Importer(815301076,1909f56bfc062723c751e8b465ee728b)  -> (artifact id: 'd4a115230a0fa9373833c977f483aa87') in 0.047977 seconds 
========================================================================
Received Import Request.
  Time since last request: 0.000028 seconds.
  path: Assets/Assists/Food Pack-Demo/Prefabs/Sushi Wood Table.prefab
  artifactKey: Guid(18e7c192585c2da459bbaeb4fe4b39fd) Importer(815301076,1909f56bfc062723c751e8b465ee728b)
Start importing Assets/Assists/Food Pack-Demo/Prefabs/Sushi Wood Table.prefab using Guid(18e7c192585c2da459bbaeb4fe4b39fd) Importer(815301076,1909f56bfc062723c751e8b465ee728b)  -> (artifact id: 'c8f13c2bcbc92077de7b1b7cbb0b8352') in 0.044074 seconds 
========================================================================
Received Import Request.
  Time since last request: 0.000052 seconds.
  path: Assets/Assists/Food Pack-Demo/Prefabs/Ketchup Plastic Bottle.prefab
  artifactKey: Guid(739858efac64efd428120d3808c65b43) Importer(815301076,1909f56bfc062723c751e8b465ee728b)
Start importing Assets/Assists/Food Pack-Demo/Prefabs/Ketchup Plastic Bottle.prefab using Guid(739858efac64efd428120d3808c65b43) Importer(815301076,1909f56bfc062723c751e8b465ee728b)  -> (artifact id: '8c24cc22558194e91bd8dd471632e89a') in 0.049513 seconds 
========================================================================
Received Import Request.
  Time since last request: 0.000061 seconds.
  path: Assets/Assists/Food Pack-Demo/Prefabs/Salami cut A.prefab
  artifactKey: Guid(b1a3b57ea32496648b9623a58fa6d8ad) Importer(815301076,1909f56bfc062723c751e8b465ee728b)
Start importing Assets/Assists/Food Pack-Demo/Prefabs/Salami cut A.prefab using Guid(b1a3b57ea32496648b9623a58fa6d8ad) Importer(815301076,1909f56bfc062723c751e8b465ee728b)  -> (artifact id: 'c7ad6b28701704fc50b80ad15c55fdfc') in 0.046144 seconds 
========================================================================
Received Import Request.
  Time since last request: 0.000022 seconds.
  path: Assets/Assists/Food Pack-Demo/Prefabs/Maki C1.prefab
  artifactKey: Guid(e6758420bb20ab244a05b68ed185d46d) Importer(815301076,1909f56bfc062723c751e8b465ee728b)
Start importing Assets/Assists/Food Pack-Demo/Prefabs/Maki C1.prefab using Guid(e6758420bb20ab244a05b68ed185d46d) Importer(815301076,1909f56bfc062723c751e8b465ee728b)  -> (artifact id: 'b744ea81cdff19af8d39a1f7dbb623ad') in 0.045753 seconds 
========================================================================
Received Import Request.
  Time since last request: 0.000032 seconds.
  path: Assets/Assists/Food Pack-Demo/Prefabs/Lamb Chop.prefab
  artifactKey: Guid(4d68119b54e0ec2468da57b83dc2688f) Importer(815301076,1909f56bfc062723c751e8b465ee728b)
Start importing Assets/Assists/Food Pack-Demo/Prefabs/Lamb Chop.prefab using Guid(4d68119b54e0ec2468da57b83dc2688f) Importer(815301076,1909f56bfc062723c751e8b465ee728b)  -> (artifact id: 'ba433141fd35146e124a8e0bbef1a3a9') in 0.043220 seconds 
========================================================================
Received Import Request.
  Time since last request: 0.000031 seconds.
  path: Assets/Assists/Food Pack-Demo
  artifactKey: Guid(0b6b42ca002a7ab44b6ec9d9796c170e) Importer(815301076,1909f56bfc062723c751e8b465ee728b)
Start importing Assets/Assists/Food Pack-Demo using Guid(0b6b42ca002a7ab44b6ec9d9796c170e) Importer(815301076,1909f56bfc062723c751e8b465ee728b)  -> (artifact id: '636ddb3733b6736fe157bd5d72a5891a') in 0.017892 seconds 
========================================================================
Received Import Request.
  Time since last request: 0.000039 seconds.
  path: Assets/Assists/Food Pack-Demo/Prefabs/Pizza Margarita.prefab
  artifactKey: Guid(0c0ea431ace4f624895e2c41a184d71c) Importer(815301076,1909f56bfc062723c751e8b465ee728b)
Start importing Assets/Assists/Food Pack-Demo/Prefabs/Pizza Margarita.prefab using Guid(0c0ea431ace4f624895e2c41a184d71c) Importer(815301076,1909f56bfc062723c751e8b465ee728b)  -> (artifact id: '1b17417ecd017a1c42ac98b8e380c426') in 0.046582 seconds 
========================================================================
Received Import Request.
  Time since last request: 0.000038 seconds.
  path: Assets/Assists/Food Pack-Demo/Prefabs/Doughnut H.prefab
  artifactKey: Guid(cd5c0226d9d4b554885c988834915042) Importer(815301076,1909f56bfc062723c751e8b465ee728b)
Start importing Assets/Assists/Food Pack-Demo/Prefabs/Doughnut H.prefab using Guid(cd5c0226d9d4b554885c988834915042) Importer(815301076,1909f56bfc062723c751e8b465ee728b)  -> (artifact id: '1977a4bdddf04acbd41854cc25eb9e9c') in 0.043993 seconds 
========================================================================
Received Import Request.
  Time since last request: 0.000047 seconds.
  path: Assets/Assists/Food Pack-Demo/Prefabs/Candy Cane B.prefab
  artifactKey: Guid(0329acc1efc28324e94f5bd5a062069e) Importer(815301076,1909f56bfc062723c751e8b465ee728b)
Start importing Assets/Assists/Food Pack-Demo/Prefabs/Candy Cane B.prefab using Guid(0329acc1efc28324e94f5bd5a062069e) Importer(815301076,1909f56bfc062723c751e8b465ee728b)  -> (artifact id: '83c237f597bab0ef6aee2e6fcdd38857') in 0.052732 seconds 
========================================================================
Received Import Request.
  Time since last request: 0.000039 seconds.
  path: Assets/Assists/Food Pack-Demo/Prefabs/Curry plate.prefab
  artifactKey: Guid(ef62557891c72774580b5ddab4813f20) Importer(815301076,1909f56bfc062723c751e8b465ee728b)
Start importing Assets/Assists/Food Pack-Demo/Prefabs/Curry plate.prefab using Guid(ef62557891c72774580b5ddab4813f20) Importer(815301076,1909f56bfc062723c751e8b465ee728b)  -> (artifact id: '6f0f7f8058920e01ee56792eb3d21649') in 0.049562 seconds 
========================================================================
Received Import Request.
  Time since last request: 0.000038 seconds.
  path: Assets/Assists/Food Pack-Demo/Prefabs/Peach slice.prefab
  artifactKey: Guid(983892090628c6245ab20d3d0541b5b4) Importer(815301076,1909f56bfc062723c751e8b465ee728b)
Start importing Assets/Assists/Food Pack-Demo/Prefabs/Peach slice.prefab using Guid(983892090628c6245ab20d3d0541b5b4) Importer(815301076,1909f56bfc062723c751e8b465ee728b)  -> (artifact id: '2ebfb21df1eadfc235eb5b2e430d30c0') in 0.053119 seconds 
========================================================================
Received Import Request.
  Time since last request: 0.000034 seconds.
  path: Assets/Assists/Food Pack-Demo/Prefabs/Doughnut D.prefab
  artifactKey: Guid(e4f3387dd249a6f42b208bdf329867b1) Importer(815301076,1909f56bfc062723c751e8b465ee728b)
Start importing Assets/Assists/Food Pack-Demo/Prefabs/Doughnut D.prefab using Guid(e4f3387dd249a6f42b208bdf329867b1) Importer(815301076,1909f56bfc062723c751e8b465ee728b)  -> (artifact id: 'bf9ec3bd30d16c84e474914c453cd56a') in 0.050347 seconds 
========================================================================
Received Import Request.
  Time since last request: 0.000038 seconds.
  path: Assets/Assists/Food Pack-Demo/Prefabs/Pretzel.prefab
  artifactKey: Guid(13063b8319347e2479e6af5ae4bf79ca) Importer(815301076,1909f56bfc062723c751e8b465ee728b)
Start importing Assets/Assists/Food Pack-Demo/Prefabs/Pretzel.prefab using Guid(13063b8319347e2479e6af5ae4bf79ca) Importer(815301076,1909f56bfc062723c751e8b465ee728b)  -> (artifact id: '826a8d420af3517c621f04a053f646e0') in 0.048989 seconds 
========================================================================
Received Import Request.
  Time since last request: 0.000043 seconds.
  path: Assets/Assists/Food Pack-Demo/Prefabs/Lamb leg.prefab
  artifactKey: Guid(8dc465f46b6c8b242be3b0a23bd18bf1) Importer(815301076,1909f56bfc062723c751e8b465ee728b)
Start importing Assets/Assists/Food Pack-Demo/Prefabs/Lamb leg.prefab using Guid(8dc465f46b6c8b242be3b0a23bd18bf1) Importer(815301076,1909f56bfc062723c751e8b465ee728b)  -> (artifact id: '8cf900e6f6b1f1f62a502ce509addc14') in 0.050238 seconds 
========================================================================
Received Import Request.
  Time since last request: 0.000043 seconds.
  path: Assets/Assists/Food Pack-Demo/Prefabs/Peach half no seed.prefab
  artifactKey: Guid(6666b77016c300745b9cd0df60be89d4) Importer(815301076,1909f56bfc062723c751e8b465ee728b)
Start importing Assets/Assists/Food Pack-Demo/Prefabs/Peach half no seed.prefab using Guid(6666b77016c300745b9cd0df60be89d4) Importer(815301076,1909f56bfc062723c751e8b465ee728b)  -> (artifact id: '8e2b96d2ea6ab1ead93c9b74887d147e') in 0.054676 seconds 
========================================================================
Received Import Request.
  Time since last request: 0.000040 seconds.
  path: Assets/Assists/Food Pack-Demo/Prefabs/Bundt Cake.prefab
  artifactKey: Guid(4cdd0f536b998c141987f5362d20d263) Importer(815301076,1909f56bfc062723c751e8b465ee728b)
Start importing Assets/Assists/Food Pack-Demo/Prefabs/Bundt Cake.prefab using Guid(4cdd0f536b998c141987f5362d20d263) Importer(815301076,1909f56bfc062723c751e8b465ee728b)  -> (artifact id: '043b5cd73f3b416b69bd1b294cb38c7a') in 0.046938 seconds 
========================================================================
Received Import Request.
  Time since last request: 0.000032 seconds.
  path: Assets/Assists/Food Pack-Demo/Prefabs/Cookies.prefab
  artifactKey: Guid(be681692a047cee4baa286092a6f04e6) Importer(815301076,1909f56bfc062723c751e8b465ee728b)
Start importing Assets/Assists/Food Pack-Demo/Prefabs/Cookies.prefab using Guid(be681692a047cee4baa286092a6f04e6) Importer(815301076,1909f56bfc062723c751e8b465ee728b)  -> (artifact id: '6cccde09f3595afec0b9336d501d1058') in 0.049743 seconds 
========================================================================
Received Import Request.
  Time since last request: 0.000068 seconds.
  path: Assets/Assists/Food Pack-Demo/Prefabs/Peach half with seed.prefab
  artifactKey: Guid(0ee3df7facab76a4f8e417d21e25e98f) Importer(815301076,1909f56bfc062723c751e8b465ee728b)
Start importing Assets/Assists/Food Pack-Demo/Prefabs/Peach half with seed.prefab using Guid(0ee3df7facab76a4f8e417d21e25e98f) Importer(815301076,1909f56bfc062723c751e8b465ee728b)  -> (artifact id: 'a88a710f3c90dcc6f9d85863f6ec73a6') in 0.048674 seconds 
========================================================================
Received Import Request.
  Time since last request: 0.000037 seconds.
  path: Assets/Assists/Food Pack-Demo/Prefabs/Bundt Cake cut.prefab
  artifactKey: Guid(475c2b2992311884da42708c21b4e989) Importer(815301076,1909f56bfc062723c751e8b465ee728b)
Start importing Assets/Assists/Food Pack-Demo/Prefabs/Bundt Cake cut.prefab using Guid(475c2b2992311884da42708c21b4e989) Importer(815301076,1909f56bfc062723c751e8b465ee728b)  -> (artifact id: '24c1feb47d4a9723a2b735518e5825be') in 0.052278 seconds 
========================================================================
Received Import Request.
  Time since last request: 0.000042 seconds.
  path: Assets/Assists/Food Pack-Demo/Prefabs/Salmon plastic tray.prefab
  artifactKey: Guid(76c9ad9d42b5fb24f90335d19130672a) Importer(815301076,1909f56bfc062723c751e8b465ee728b)
Start importing Assets/Assists/Food Pack-Demo/Prefabs/Salmon plastic tray.prefab using Guid(76c9ad9d42b5fb24f90335d19130672a) Importer(815301076,1909f56bfc062723c751e8b465ee728b)  -> (artifact id: '764fbee6e6509fd8b71b21f3485f94a7') in 0.050661 seconds 
========================================================================
Received Import Request.
  Time since last request: 2.992989 seconds.
  path: Assets/Assists/Allsorts/Prefabs/Checker White.prefab
  artifactKey: Guid(a8abae0ad04b0454bbaca5bf8925a371) Importer(815301076,1909f56bfc062723c751e8b465ee728b)
Start importing Assets/Assists/Allsorts/Prefabs/Checker White.prefab using Guid(a8abae0ad04b0454bbaca5bf8925a371) Importer(815301076,1909f56bfc062723c751e8b465ee728b)  -> (artifact id: 'cdfc59b8d873d9a851cfd59d506f15f8') in 0.364564 seconds 
========================================================================
Received Import Request.
  Time since last request: 0.000034 seconds.
  path: Assets/Assists/Allsorts/Prefabs/Cylinder Orange.prefab
  artifactKey: Guid(b5d7788a394724177aec8f1ac08ce4a4) Importer(815301076,1909f56bfc062723c751e8b465ee728b)
Start importing Assets/Assists/Allsorts/Prefabs/Cylinder Orange.prefab using Guid(b5d7788a394724177aec8f1ac08ce4a4) Importer(815301076,1909f56bfc062723c751e8b465ee728b)  -> (artifact id: 'f9acca80f720e2d178d0d7a9c72ea085') in 0.068770 seconds 
========================================================================
Received Import Request.
  Time since last request: 0.000047 seconds.
  path: Assets/Assists/Allsorts/Prefabs/Tube.prefab
  artifactKey: Guid(cdee5c594908f4518860ad1f451fd17b) Importer(815301076,1909f56bfc062723c751e8b465ee728b)
Start importing Assets/Assists/Allsorts/Prefabs/Tube.prefab using Guid(cdee5c594908f4518860ad1f451fd17b) Importer(815301076,1909f56bfc062723c751e8b465ee728b)  -> (artifact id: '5a9b909359a6db898fc8df0176d07ef3') in 0.076219 seconds 
========================================================================
Received Import Request.
  Time since last request: 0.000031 seconds.
  path: Assets/Assists/Allsorts/Prefabs/Cylinder Magenta.prefab
  artifactKey: Guid(6a3f89b95dad64326b4f945ac866dc3e) Importer(815301076,1909f56bfc062723c751e8b465ee728b)
Start importing Assets/Assists/Allsorts/Prefabs/Cylinder Magenta.prefab using Guid(6a3f89b95dad64326b4f945ac866dc3e) Importer(815301076,1909f56bfc062723c751e8b465ee728b)  -> (artifact id: 'c9de0ab5806be8cf743f13e9b33f9314') in 0.074440 seconds 
========================================================================
Received Import Request.
  Time since last request: 0.000048 seconds.
  path: Assets/Assists/Allsorts/Prefabs/Double Yellow.prefab
  artifactKey: Guid(265703b76341240caace21fff2deea5e) Importer(815301076,1909f56bfc062723c751e8b465ee728b)
Start importing Assets/Assists/Allsorts/Prefabs/Double Yellow.prefab using Guid(265703b76341240caace21fff2deea5e) Importer(815301076,1909f56bfc062723c751e8b465ee728b)  -> (artifact id: '1ee3609c5df32ad7f7d5f62c304a9893') in 0.079683 seconds 
========================================================================
Received Import Request.
  Time since last request: 0.000035 seconds.
  path: Assets/Assists/Allsorts/Prefabs/Single Green.prefab
  artifactKey: Guid(f7621cd3ff6684164b66dad8d2498c91) Importer(815301076,1909f56bfc062723c751e8b465ee728b)
Start importing Assets/Assists/Allsorts/Prefabs/Single Green.prefab using Guid(f7621cd3ff6684164b66dad8d2498c91) Importer(815301076,1909f56bfc062723c751e8b465ee728b)  -> (artifact id: '8211c90e0836c28327eedb35031b0905') in 0.082506 seconds 
========================================================================
Received Import Request.
  Time since last request: 0.000057 seconds.
  path: Assets/Assists/Allsorts/Prefabs/Double Brown.prefab
  artifactKey: Guid(596aafe5bbcdf4a8f884e0620a3c0cb5) Importer(815301076,1909f56bfc062723c751e8b465ee728b)
Start importing Assets/Assists/Allsorts/Prefabs/Double Brown.prefab using Guid(596aafe5bbcdf4a8f884e0620a3c0cb5) Importer(815301076,1909f56bfc062723c751e8b465ee728b)  -> (artifact id: 'cdc32a95f33292c5e189076713087962') in 0.077672 seconds 
========================================================================
Received Prepare
Registering precompiled user dll's ...
Registered in 0.008117 seconds.
Begin MonoManager ReloadAssembly
Symbol file LoadedFromMemory doesn't match image C:\Users\USER\MobGameDev2_Project Dessert\Library\PackageCache\com.unity.visualscripting@1.8.0\Editor\VisualScripting.Core\Dependencies\YamlDotNet\Unity.VisualScripting.YamlDotNet.dll
Symbol file LoadedFromMemory doesn't match image C:\Users\USER\MobGameDev2_Project Dessert\Library\PackageCache\com.unity.visualscripting@1.8.0\Editor\VisualScripting.Core\Dependencies\DotNetZip\Unity.VisualScripting.IonicZip.dll
Native extension for WindowsStandalone target not found
Native extension for Android target not found
Refreshing native plugins compatible for Editor in 1.52 ms, found 3 plugins.
Preloading 0 native plugins for Editor in 0.00 ms.
Mono: successfully reloaded assembly
- Completed reload, in  2.302 seconds
Domain Reload Profiling:
	ReloadAssembly (2304ms)
		BeginReloadAssembly (295ms)
			ExecutionOrderSort (0ms)
			DisableScriptedObjects (9ms)
			BackupInstance (0ms)
			ReleaseScriptingObjects (0ms)
			CreateAndSetChildDomain (68ms)
		EndReloadAssembly (1725ms)
			LoadAssemblies (219ms)
			RebuildTransferFunctionScriptingTraits (0ms)
			SetupTypeCache (611ms)
			ReleaseScriptCaches (3ms)
			RebuildScriptCaches (97ms)
			SetupLoadedEditorAssemblies (700ms)
				LogAssemblyErrors (0ms)
				InitializePlatformSupportModulesInManaged (44ms)
				SetLoadedEditorAssemblies (1ms)
				RefreshPlugins (2ms)
				BeforeProcessingInitializeOnLoad (145ms)
				ProcessInitializeOnLoadAttributes (442ms)
				ProcessInitializeOnLoadMethodAttributes (48ms)
				AfterProcessingInitializeOnLoad (17ms)
				EditorAssembliesLoaded (0ms)
			ExecutionOrderSort2 (0ms)
			AwakeInstancesAfterBackupRestoration (14ms)
Platform modules already initialized, skipping
Refreshing native plugins compatible for Editor in 4.27 ms, found 3 plugins.
Preloading 0 native plugins for Editor in 0.00 ms.
Unloading 3047 Unused Serialized files (Serialized files now loaded: 0)
Unloading 17 unused Assets / (80.0 KB). Loaded Objects now: 3530.
Memory consumption went from 114.0 MB to 113.9 MB.
Total: 6.045700 ms (FindLiveObjects: 0.909800 ms CreateObjectMapping: 0.462300 ms MarkObjects: 4.503000 ms  DeleteObjects: 0.168900 ms)

AssetImportParameters requested are different than current active one (requested -> active):
  custom:video-decoder-ogg-theora: a1e56fd34408186e4bbccfd4996cb3dc -> 
  custom:container-muxer-webm: aa71ff27fc2769a1b78a27578f13a17b -> 
  custom:container-demuxer-webm: 4f35f7cbe854078d1ac9338744f61a02 -> 
  custom:video-encoder-webm-vp8: eb34c28f22e8b96e1ab97ce403110664 -> 
  custom:audio-encoder-webm-vorbis: bf7c407c2cedff20999df2af8eb42d56 -> 
  custom:framework-win-MediaFoundation: 216162199b28c13a410421893ffa2e32 -> 
  custom:container-demuxer-ogg: 62fdf1f143b41e24485cea50d1cbac27 -> 
  custom:video-decoder-webm-vp8: 9c59270c3fd7afecdb556c50c9e8de78 -> 
  custom:audio-decoder-ogg-vorbis: bf7c407c2cedff20999df2af8eb42d56 -> 
========================================================================
Received Prepare
Registering precompiled user dll's ...
Registered in 0.008013 seconds.
Begin MonoManager ReloadAssembly
Symbol file LoadedFromMemory doesn't match image C:\Users\USER\MobGameDev2_Project Dessert\Library\PackageCache\com.unity.visualscripting@1.8.0\Editor\VisualScripting.Core\Dependencies\YamlDotNet\Unity.VisualScripting.YamlDotNet.dll
Symbol file LoadedFromMemory doesn't match image C:\Users\USER\MobGameDev2_Project Dessert\Library\PackageCache\com.unity.visualscripting@1.8.0\Editor\VisualScripting.Core\Dependencies\DotNetZip\Unity.VisualScripting.IonicZip.dll
Native extension for WindowsStandalone target not found
Native extension for Android target not found
Refreshing native plugins compatible for Editor in 1.37 ms, found 3 plugins.
Preloading 0 native plugins for Editor in 0.00 ms.
Mono: successfully reloaded assembly
- Completed reload, in  2.199 seconds
Domain Reload Profiling:
	ReloadAssembly (2201ms)
		BeginReloadAssembly (280ms)
			ExecutionOrderSort (0ms)
			DisableScriptedObjects (15ms)
			BackupInstance (0ms)
			ReleaseScriptingObjects (0ms)
			CreateAndSetChildDomain (65ms)
		EndReloadAssembly (1701ms)
			LoadAssemblies (177ms)
			RebuildTransferFunctionScriptingTraits (0ms)
			SetupTypeCache (618ms)
			ReleaseScriptCaches (2ms)
			RebuildScriptCaches (106ms)
			SetupLoadedEditorAssemblies (695ms)
				LogAssemblyErrors (0ms)
				InitializePlatformSupportModulesInManaged (45ms)
				SetLoadedEditorAssemblies (1ms)
				RefreshPlugins (1ms)
				BeforeProcessingInitializeOnLoad (142ms)
				ProcessInitializeOnLoadAttributes (437ms)
				ProcessInitializeOnLoadMethodAttributes (49ms)
				AfterProcessingInitializeOnLoad (19ms)
				EditorAssembliesLoaded (0ms)
			ExecutionOrderSort2 (0ms)
			AwakeInstancesAfterBackupRestoration (14ms)
Platform modules already initialized, skipping
Refreshing native plugins compatible for Editor in 2.98 ms, found 3 plugins.
Preloading 0 native plugins for Editor in 0.00 ms.
Unloading 3047 Unused Serialized files (Serialized files now loaded: 0)
Unloading 17 unused Assets / (80.1 KB). Loaded Objects now: 3533.
Memory consumption went from 114.0 MB to 113.9 MB.
Total: 5.756100 ms (FindLiveObjects: 1.047500 ms CreateObjectMapping: 0.436500 ms MarkObjects: 4.136800 ms  DeleteObjects: 0.133500 ms)

AssetImportParameters requested are different than current active one (requested -> active):
  custom:video-decoder-ogg-theora: a1e56fd34408186e4bbccfd4996cb3dc -> 
  custom:container-muxer-webm: aa71ff27fc2769a1b78a27578f13a17b -> 
  custom:container-demuxer-webm: 4f35f7cbe854078d1ac9338744f61a02 -> 
  custom:video-encoder-webm-vp8: eb34c28f22e8b96e1ab97ce403110664 -> 
  custom:audio-encoder-webm-vorbis: bf7c407c2cedff20999df2af8eb42d56 -> 
  custom:framework-win-MediaFoundation: 216162199b28c13a410421893ffa2e32 -> 
  custom:container-demuxer-ogg: 62fdf1f143b41e24485cea50d1cbac27 -> 
  custom:video-decoder-webm-vp8: 9c59270c3fd7afecdb556c50c9e8de78 -> 
  custom:audio-decoder-ogg-vorbis: bf7c407c2cedff20999df2af8eb42d56 -> 
========================================================================
Received Prepare
Registering precompiled user dll's ...
Registered in 0.010790 seconds.
Begin MonoManager ReloadAssembly
Symbol file LoadedFromMemory doesn't match image C:\Users\USER\MobGameDev2_Project Dessert\Library\PackageCache\com.unity.visualscripting@1.8.0\Editor\VisualScripting.Core\Dependencies\YamlDotNet\Unity.VisualScripting.YamlDotNet.dll
Symbol file LoadedFromMemory doesn't match image C:\Users\USER\MobGameDev2_Project Dessert\Library\PackageCache\com.unity.visualscripting@1.8.0\Editor\VisualScripting.Core\Dependencies\DotNetZip\Unity.VisualScripting.IonicZip.dll
Native extension for WindowsStandalone target not found
Native extension for Android target not found
Refreshing native plugins compatible for Editor in 0.84 ms, found 3 plugins.
Preloading 0 native plugins for Editor in 0.00 ms.
Mono: successfully reloaded assembly
- Completed reload, in  2.196 seconds
Domain Reload Profiling:
	ReloadAssembly (2197ms)
		BeginReloadAssembly (274ms)
			ExecutionOrderSort (0ms)
			DisableScriptedObjects (13ms)
			BackupInstance (0ms)
			ReleaseScriptingObjects (0ms)
			CreateAndSetChildDomain (62ms)
		EndReloadAssembly (1712ms)
			LoadAssemblies (176ms)
			RebuildTransferFunctionScriptingTraits (0ms)
			SetupTypeCache (648ms)
			ReleaseScriptCaches (3ms)
			RebuildScriptCaches (101ms)
			SetupLoadedEditorAssemblies (686ms)
				LogAssemblyErrors (0ms)
				InitializePlatformSupportModulesInManaged (46ms)
				SetLoadedEditorAssemblies (1ms)
				RefreshPlugins (1ms)
				BeforeProcessingInitializeOnLoad (145ms)
				ProcessInitializeOnLoadAttributes (428ms)
				ProcessInitializeOnLoadMethodAttributes (47ms)
				AfterProcessingInitializeOnLoad (17ms)
				EditorAssembliesLoaded (0ms)
			ExecutionOrderSort2 (0ms)
			AwakeInstancesAfterBackupRestoration (16ms)
Platform modules already initialized, skipping
Refreshing native plugins compatible for Editor in 4.09 ms, found 3 plugins.
Preloading 0 native plugins for Editor in 0.00 ms.
Unloading 3047 Unused Serialized files (Serialized files now loaded: 0)
Unloading 17 unused Assets / (80.2 KB). Loaded Objects now: 3536.
Memory consumption went from 114.0 MB to 113.9 MB.
Total: 8.503900 ms (FindLiveObjects: 1.146400 ms CreateObjectMapping: 0.547000 ms MarkObjects: 6.618200 ms  DeleteObjects: 0.190400 ms)

AssetImportParameters requested are different than current active one (requested -> active):
  custom:video-decoder-ogg-theora: a1e56fd34408186e4bbccfd4996cb3dc -> 
  custom:container-muxer-webm: aa71ff27fc2769a1b78a27578f13a17b -> 
  custom:container-demuxer-webm: 4f35f7cbe854078d1ac9338744f61a02 -> 
  custom:video-encoder-webm-vp8: eb34c28f22e8b96e1ab97ce403110664 -> 
  custom:audio-encoder-webm-vorbis: bf7c407c2cedff20999df2af8eb42d56 -> 
  custom:framework-win-MediaFoundation: 216162199b28c13a410421893ffa2e32 -> 
  custom:container-demuxer-ogg: 62fdf1f143b41e24485cea50d1cbac27 -> 
  custom:video-decoder-webm-vp8: 9c59270c3fd7afecdb556c50c9e8de78 -> 
  custom:audio-decoder-ogg-vorbis: bf7c407c2cedff20999df2af8eb42d56 -> 
========================================================================
Received Import Request.
  Time since last request: 340.139978 seconds.
  path: Assets/Assists/Food Pack-Demo/Materials/Base color.mat
  artifactKey: Guid(30c5e465dc21c534bada8d020bae91f4) Importer(815301076,1909f56bfc062723c751e8b465ee728b)
Start importing Assets/Assists/Food Pack-Demo/Materials/Base color.mat using Guid(30c5e465dc21c534bada8d020bae91f4) Importer(815301076,1909f56bfc062723c751e8b465ee728b)  -> (artifact id: '12ce5c61d145c088ae2b4993e1221ad3') in 0.229440 seconds 
========================================================================
Received Import Request.
  Time since last request: 0.000052 seconds.
  path: Assets/Assists/Billion Mucks/30 Stylized Textures Free/Textures/Vol 6 Carpet Hotel/Carpet Hotel_Metallic.mat
  artifactKey: Guid(3442c86e4440c8b4e8f42f25d4d2976d) Importer(815301076,1909f56bfc062723c751e8b465ee728b)
Start importing Assets/Assists/Billion Mucks/30 Stylized Textures Free/Textures/Vol 6 Carpet Hotel/Carpet Hotel_Metallic.mat using Guid(3442c86e4440c8b4e8f42f25d4d2976d) Importer(815301076,1909f56bfc062723c751e8b465ee728b)  -> (artifact id: '6b3e67d747109d4bec6f41c3f7125431') in 0.488849 seconds 
========================================================================
Received Import Request.
  Time since last request: 0.000054 seconds.
  path: Assets/Assists/Billion Mucks/30 Stylized Textures Free/Textures/Vol 6 Bricks/Bricks_Metallic.mat
  artifactKey: Guid(3fc69937875f46c49a842d7a1f6ddd73) Importer(815301076,1909f56bfc062723c751e8b465ee728b)
Start importing Assets/Assists/Billion Mucks/30 Stylized Textures Free/Textures/Vol 6 Bricks/Bricks_Metallic.mat using Guid(3fc69937875f46c49a842d7a1f6ddd73) Importer(815301076,1909f56bfc062723c751e8b465ee728b)  -> (artifact id: '6476b8f46d8f07bc79613fc785cc0484') in 0.160142 seconds 
========================================================================
Received Import Request.
  Time since last request: 0.000037 seconds.
  path: Assets/Assists/Billion Mucks/30 Stylized Textures Free/Textures/Vol 9 Bricks Wavy/Bricks Wavy_Specular.mat
  artifactKey: Guid(a200aaa8a5cb47b44829c04f15a5a72f) Importer(815301076,1909f56bfc062723c751e8b465ee728b)
Start importing Assets/Assists/Billion Mucks/30 Stylized Textures Free/Textures/Vol 9 Bricks Wavy/Bricks Wavy_Specular.mat using Guid(a200aaa8a5cb47b44829c04f15a5a72f) Importer(815301076,1909f56bfc062723c751e8b465ee728b)  -> (artifact id: 'b8388cbea2c8eb13c801ff0fef40ee93') in 0.622042 seconds 
========================================================================
Received Import Request.
  Time since last request: 1.462714 seconds.
  path: Assets/Assists/Billion Mucks/30 Stylized Textures Free/Textures/Vol 2 CarpetPurple/Carpet Purple_Specular.mat
  artifactKey: Guid(ade442b643b309e40b9505742b5cd2e9) Importer(815301076,1909f56bfc062723c751e8b465ee728b)
Start importing Assets/Assists/Billion Mucks/30 Stylized Textures Free/Textures/Vol 2 CarpetPurple/Carpet Purple_Specular.mat using Guid(ade442b643b309e40b9505742b5cd2e9) Importer(815301076,1909f56bfc062723c751e8b465ee728b)  -> (artifact id: '7ec8f0651c599944d41f37b056c34454') in 0.216998 seconds 
========================================================================
Received Import Request.
  Time since last request: 0.080296 seconds.
  path: Assets/Assists/Billion Mucks/30 Stylized Textures Free/Textures/Vol 9 Carpet/Carpet_Specular.mat
  artifactKey: Guid(a63ddb13c295e784fbfd48b29a5f14b1) Importer(815301076,1909f56bfc062723c751e8b465ee728b)
Start importing Assets/Assists/Billion Mucks/30 Stylized Textures Free/Textures/Vol 9 Carpet/Carpet_Specular.mat using Guid(a63ddb13c295e784fbfd48b29a5f14b1) Importer(815301076,1909f56bfc062723c751e8b465ee728b)  -> (artifact id: '5b36ea6388599bec8d9f94cd5ee5d1f1') in 0.160498 seconds 
========================================================================
Received Import Request.
  Time since last request: 0.116904 seconds.
  path: Assets/Assists/Billion Mucks/30 Stylized Textures Free/Textures/Vol 2 Concrete Bricks/Concrete Bricks_Specular.mat
  artifactKey: Guid(b418d16f615c6a945952158e9ba68d23) Importer(815301076,1909f56bfc062723c751e8b465ee728b)
Start importing Assets/Assists/Billion Mucks/30 Stylized Textures Free/Textures/Vol 2 Concrete Bricks/Concrete Bricks_Specular.mat using Guid(b418d16f615c6a945952158e9ba68d23) Importer(815301076,1909f56bfc062723c751e8b465ee728b)  -> (artifact id: '45598ea31741369c05df43347dbe2f2d') in 0.232871 seconds 
========================================================================
Received Import Request.
  Time since last request: 0.000037 seconds.
  path: Assets/Assists/Billion Mucks/30 Stylized Textures Free/Textures/Vol 4 Diamond Plate/DiamondPlate_Metallic.mat
  artifactKey: Guid(adf33219170bbcf4798088a7ce5c1a23) Importer(815301076,1909f56bfc062723c751e8b465ee728b)
Start importing Assets/Assists/Billion Mucks/30 Stylized Textures Free/Textures/Vol 4 Diamond Plate/DiamondPlate_Metallic.mat using Guid(adf33219170bbcf4798088a7ce5c1a23) Importer(815301076,1909f56bfc062723c751e8b465ee728b)  -> (artifact id: '71fc76f271b14d2fc127322d24cdb688') in 0.270796 seconds 
========================================================================
Received Import Request.
  Time since last request: 0.000034 seconds.
  path: Assets/Assists/Billion Mucks/30 Stylized Textures Free/Textures/Vol 2 Dirt/Dirt_Specular.mat
  artifactKey: Guid(7a2697c128b73da43b12520cedd885aa) Importer(815301076,1909f56bfc062723c751e8b465ee728b)
Start importing Assets/Assists/Billion Mucks/30 Stylized Textures Free/Textures/Vol 2 Dirt/Dirt_Specular.mat using Guid(7a2697c128b73da43b12520cedd885aa) Importer(815301076,1909f56bfc062723c751e8b465ee728b)  -> (artifact id: '2074b2c45f44d9a81caec0b20abbce88') in 0.282541 seconds 
========================================================================
Received Import Request.
  Time since last request: 0.000413 seconds.
  path: Assets/Assists/Billion Mucks/30 Stylized Textures Free/Textures/Vol 3 GreenBricks/GreenBricks_Metallic.mat
  artifactKey: Guid(13f63c1ed8fdd624d920d069f67bd371) Importer(815301076,1909f56bfc062723c751e8b465ee728b)
Start importing Assets/Assists/Billion Mucks/30 Stylized Textures Free/Textures/Vol 3 GreenBricks/GreenBricks_Metallic.mat using Guid(13f63c1ed8fdd624d920d069f67bd371) Importer(815301076,1909f56bfc062723c751e8b465ee728b)  -> (artifact id: 'fa1a894deadb18a1ccb8167f2e8007fc') in 0.306620 seconds 
========================================================================
Received Import Request.
  Time since last request: 0.000056 seconds.
  path: Assets/Assists/FREE Food Pack/Materials/Food_Fresnel.mat
  artifactKey: Guid(dd4330fb196ead84ea9d14e6bbbe8ed5) Importer(815301076,1909f56bfc062723c751e8b465ee728b)
Start importing Assets/Assists/FREE Food Pack/Materials/Food_Fresnel.mat using Guid(dd4330fb196ead84ea9d14e6bbbe8ed5) Importer(815301076,1909f56bfc062723c751e8b465ee728b)  -> (artifact id: 'ed8caaeda370bd6e4ebccb53c9f5f11a') in 0.239557 seconds 
========================================================================
Received Import Request.
  Time since last request: 0.000033 seconds.
  path: Assets/Assists/Billion Mucks/30 Stylized Textures Free/Textures/Vol 3 GreenBricks/GreenBricks_Specular.mat
  artifactKey: Guid(50a1648979da2a440a219b25c2d8e9b2) Importer(815301076,1909f56bfc062723c751e8b465ee728b)
Start importing Assets/Assists/Billion Mucks/30 Stylized Textures Free/Textures/Vol 3 GreenBricks/GreenBricks_Specular.mat using Guid(50a1648979da2a440a219b25c2d8e9b2) Importer(815301076,1909f56bfc062723c751e8b465ee728b)  -> (artifact id: '939c296bd946b6591af71621633d9168') in 0.229571 seconds 
========================================================================
Received Import Request.
  Time since last request: 0.000052 seconds.
  path: Assets/Assists/Billion Mucks/30 Stylized Textures Free/Textures/Vol 4 Diamond Plate/DiamondPlate_Specular.mat
  artifactKey: Guid(1f9cf6ec3a0df034ba1d5ba6624a52e9) Importer(815301076,1909f56bfc062723c751e8b465ee728b)
Start importing Assets/Assists/Billion Mucks/30 Stylized Textures Free/Textures/Vol 4 Diamond Plate/DiamondPlate_Specular.mat using Guid(1f9cf6ec3a0df034ba1d5ba6624a52e9) Importer(815301076,1909f56bfc062723c751e8b465ee728b)  -> (artifact id: '914ce2cf078456fe4dcc147631a4ba63') in 0.173777 seconds 
========================================================================
Received Import Request.
  Time since last request: 4.678902 seconds.
  path: Assets/Assists/Billion Mucks/30 Stylized Textures Free/Textures/Vol 10 Sewer Grate/Sewer Grate_Specular.mat
  artifactKey: Guid(61249f69492ab194db1492649a521897) Importer(815301076,1909f56bfc062723c751e8b465ee728b)
Start importing Assets/Assists/Billion Mucks/30 Stylized Textures Free/Textures/Vol 10 Sewer Grate/Sewer Grate_Specular.mat using Guid(61249f69492ab194db1492649a521897) Importer(815301076,1909f56bfc062723c751e8b465ee728b)  -> (artifact id: '1f0133e0f9813c26675540086267639f') in 0.291892 seconds 
========================================================================
Received Import Request.
  Time since last request: 0.000029 seconds.
  path: Assets/Assists/Billion Mucks/30 Stylized Textures Free/Textures/Vol 7 Sponge/Sponge_Metallic.mat
  artifactKey: Guid(04a6fd88d68379f4cb0b3f4f40cb9680) Importer(815301076,1909f56bfc062723c751e8b465ee728b)
Start importing Assets/Assists/Billion Mucks/30 Stylized Textures Free/Textures/Vol 7 Sponge/Sponge_Metallic.mat using Guid(04a6fd88d68379f4cb0b3f4f40cb9680) Importer(815301076,1909f56bfc062723c751e8b465ee728b)  -> (artifact id: 'f37b308519edfb0ed1e214ade841ec1c') in 0.270467 seconds 
========================================================================
Received Import Request.
  Time since last request: 0.000040 seconds.
  path: Assets/Assists/Billion Mucks/30 Stylized Textures Free/Textures/Vol 10 Tree Bark2/Tree Bark2_Specular.mat
  artifactKey: Guid(b1a5bd8e1d0336346a6d1b4625679a7e) Importer(815301076,1909f56bfc062723c751e8b465ee728b)
Start importing Assets/Assists/Billion Mucks/30 Stylized Textures Free/Textures/Vol 10 Tree Bark2/Tree Bark2_Specular.mat using Guid(b1a5bd8e1d0336346a6d1b4625679a7e) Importer(815301076,1909f56bfc062723c751e8b465ee728b)  -> (artifact id: '9cd2a23f6f4540983b7e722766e7ba5b') in 0.256136 seconds 
========================================================================
Received Import Request.
  Time since last request: 0.000039 seconds.
  path: Assets/Assists/Billion Mucks/30 Stylized Textures Free/Textures/Vol 7 Sponge/Sponge_Specular.mat
  artifactKey: Guid(2b8dfef5264b7644098cee174c65a7a2) Importer(815301076,1909f56bfc062723c751e8b465ee728b)
Start importing Assets/Assists/Billion Mucks/30 Stylized Textures Free/Textures/Vol 7 Sponge/Sponge_Specular.mat using Guid(2b8dfef5264b7644098cee174c65a7a2) Importer(815301076,1909f56bfc062723c751e8b465ee728b)  -> (artifact id: '6d2c8463524866cb4eae6c72b154a7bf') in 0.223942 seconds 
========================================================================
Received Import Request.
  Time since last request: 0.000041 seconds.
  path: Assets/Assists/Billion Mucks/30 Stylized Textures Free/Textures/Vol 8 Stone Path/Stone Path_Specular.mat
  artifactKey: Guid(6eeea9a7ad95ce5449188119f06b2b5f) Importer(815301076,1909f56bfc062723c751e8b465ee728b)
Start importing Assets/Assists/Billion Mucks/30 Stylized Textures Free/Textures/Vol 8 Stone Path/Stone Path_Specular.mat using Guid(6eeea9a7ad95ce5449188119f06b2b5f) Importer(815301076,1909f56bfc062723c751e8b465ee728b)  -> (artifact id: '64afeb75232318bbbacd7611a12ae68f') in 0.249421 seconds 
========================================================================
Received Prepare
Registering precompiled user dll's ...
Registered in 0.010106 seconds.
Begin MonoManager ReloadAssembly
Symbol file LoadedFromMemory doesn't match image C:\Users\USER\MobGameDev2_Project Dessert\Library\PackageCache\com.unity.visualscripting@1.8.0\Editor\VisualScripting.Core\Dependencies\YamlDotNet\Unity.VisualScripting.YamlDotNet.dll
Symbol file LoadedFromMemory doesn't match image C:\Users\USER\MobGameDev2_Project Dessert\Library\PackageCache\com.unity.visualscripting@1.8.0\Editor\VisualScripting.Core\Dependencies\DotNetZip\Unity.VisualScripting.IonicZip.dll
Native extension for WindowsStandalone target not found
Native extension for Android target not found
Refreshing native plugins compatible for Editor in 0.82 ms, found 3 plugins.
Preloading 0 native plugins for Editor in 0.00 ms.
Mono: successfully reloaded assembly
- Completed reload, in  2.332 seconds
Domain Reload Profiling:
	ReloadAssembly (2333ms)
		BeginReloadAssembly (348ms)
			ExecutionOrderSort (0ms)
			DisableScriptedObjects (9ms)
			BackupInstance (0ms)
			ReleaseScriptingObjects (0ms)
			CreateAndSetChildDomain (90ms)
		EndReloadAssembly (1737ms)
			LoadAssemblies (249ms)
			RebuildTransferFunctionScriptingTraits (0ms)
			SetupTypeCache (600ms)
			ReleaseScriptCaches (2ms)
			RebuildScriptCaches (108ms)
			SetupLoadedEditorAssemblies (743ms)
				LogAssemblyErrors (0ms)
				InitializePlatformSupportModulesInManaged (48ms)
				SetLoadedEditorAssemblies (1ms)
				RefreshPlugins (1ms)
				BeforeProcessingInitializeOnLoad (140ms)
				ProcessInitializeOnLoadAttributes (488ms)
				ProcessInitializeOnLoadMethodAttributes (46ms)
				AfterProcessingInitializeOnLoad (18ms)
				EditorAssembliesLoaded (0ms)
			ExecutionOrderSort2 (0ms)
			AwakeInstancesAfterBackupRestoration (14ms)
Platform modules already initialized, skipping
Refreshing native plugins compatible for Editor in 3.48 ms, found 3 plugins.
Preloading 0 native plugins for Editor in 0.00 ms.
Unloading 3048 Unused Serialized files (Serialized files now loaded: 0)
Unloading 17 unused Assets / (80.2 KB). Loaded Objects now: 3573.
Memory consumption went from 114.3 MB to 114.3 MB.
Total: 4.523000 ms (FindLiveObjects: 0.334700 ms CreateObjectMapping: 0.254900 ms MarkObjects: 3.789500 ms  DeleteObjects: 0.141900 ms)

AssetImportParameters requested are different than current active one (requested -> active):
  custom:video-decoder-ogg-theora: a1e56fd34408186e4bbccfd4996cb3dc -> 
  custom:container-muxer-webm: aa71ff27fc2769a1b78a27578f13a17b -> 
  custom:container-demuxer-webm: 4f35f7cbe854078d1ac9338744f61a02 -> 
  custom:video-encoder-webm-vp8: eb34c28f22e8b96e1ab97ce403110664 -> 
  custom:audio-encoder-webm-vorbis: bf7c407c2cedff20999df2af8eb42d56 -> 
  custom:framework-win-MediaFoundation: 216162199b28c13a410421893ffa2e32 -> 
  custom:container-demuxer-ogg: 62fdf1f143b41e24485cea50d1cbac27 -> 
  custom:video-decoder-webm-vp8: 9c59270c3fd7afecdb556c50c9e8de78 -> 
  custom:audio-decoder-ogg-vorbis: bf7c407c2cedff20999df2af8eb42d56 -> 
========================================================================
Received Prepare
Registering precompiled user dll's ...
Registered in 0.009635 seconds.
Begin MonoManager ReloadAssembly
Symbol file LoadedFromMemory doesn't match image C:\Users\USER\MobGameDev2_Project Dessert\Library\PackageCache\com.unity.visualscripting@1.8.0\Editor\VisualScripting.Core\Dependencies\YamlDotNet\Unity.VisualScripting.YamlDotNet.dll
Symbol file LoadedFromMemory doesn't match image C:\Users\USER\MobGameDev2_Project Dessert\Library\PackageCache\com.unity.visualscripting@1.8.0\Editor\VisualScripting.Core\Dependencies\DotNetZip\Unity.VisualScripting.IonicZip.dll
Native extension for WindowsStandalone target not found
Native extension for Android target not found
Refreshing native plugins compatible for Editor in 2.07 ms, found 3 plugins.
Preloading 0 native plugins for Editor in 0.00 ms.
Mono: successfully reloaded assembly
- Completed reload, in  2.070 seconds
Domain Reload Profiling:
	ReloadAssembly (2071ms)
		BeginReloadAssembly (312ms)
			ExecutionOrderSort (0ms)
			DisableScriptedObjects (10ms)
			BackupInstance (0ms)
			ReleaseScriptingObjects (0ms)
			CreateAndSetChildDomain (76ms)
		EndReloadAssembly (1527ms)
			LoadAssemblies (214ms)
			RebuildTransferFunctionScriptingTraits (0ms)
			SetupTypeCache (606ms)
			ReleaseScriptCaches (4ms)
			RebuildScriptCaches (78ms)
			SetupLoadedEditorAssemblies (581ms)
				LogAssemblyErrors (0ms)
				InitializePlatformSupportModulesInManaged (36ms)
				SetLoadedEditorAssemblies (1ms)
				RefreshPlugins (2ms)
				BeforeProcessingInitializeOnLoad (116ms)
				ProcessInitializeOnLoadAttributes (371ms)
				ProcessInitializeOnLoadMethodAttributes (40ms)
				AfterProcessingInitializeOnLoad (14ms)
				EditorAssembliesLoaded (0ms)
			ExecutionOrderSort2 (0ms)
			AwakeInstancesAfterBackupRestoration (15ms)
Platform modules already initialized, skipping
Refreshing native plugins compatible for Editor in 3.49 ms, found 3 plugins.
Preloading 0 native plugins for Editor in 0.00 ms.
Unloading 3048 Unused Serialized files (Serialized files now loaded: 0)
Unloading 17 unused Assets / (80.3 KB). Loaded Objects now: 3576.
Memory consumption went from 114.3 MB to 114.3 MB.
Total: 5.279300 ms (FindLiveObjects: 0.365000 ms CreateObjectMapping: 0.304500 ms MarkObjects: 4.393200 ms  DeleteObjects: 0.214200 ms)

AssetImportParameters requested are different than current active one (requested -> active):
  custom:video-decoder-ogg-theora: a1e56fd34408186e4bbccfd4996cb3dc -> 
  custom:container-muxer-webm: aa71ff27fc2769a1b78a27578f13a17b -> 
  custom:container-demuxer-webm: 4f35f7cbe854078d1ac9338744f61a02 -> 
  custom:video-encoder-webm-vp8: eb34c28f22e8b96e1ab97ce403110664 -> 
  custom:audio-encoder-webm-vorbis: bf7c407c2cedff20999df2af8eb42d56 -> 
  custom:framework-win-MediaFoundation: 216162199b28c13a410421893ffa2e32 -> 
  custom:container-demuxer-ogg: 62fdf1f143b41e24485cea50d1cbac27 -> 
  custom:video-decoder-webm-vp8: 9c59270c3fd7afecdb556c50c9e8de78 -> 
  custom:audio-decoder-ogg-vorbis: bf7c407c2cedff20999df2af8eb42d56 -> 
========================================================================
Received Prepare
Registering precompiled user dll's ...
Registered in 0.010019 seconds.
Begin MonoManager ReloadAssembly
Symbol file LoadedFromMemory doesn't match image C:\Users\USER\MobGameDev2_Project Dessert\Library\PackageCache\com.unity.visualscripting@1.8.0\Editor\VisualScripting.Core\Dependencies\YamlDotNet\Unity.VisualScripting.YamlDotNet.dll
Symbol file LoadedFromMemory doesn't match image C:\Users\USER\MobGameDev2_Project Dessert\Library\PackageCache\com.unity.visualscripting@1.8.0\Editor\VisualScripting.Core\Dependencies\DotNetZip\Unity.VisualScripting.IonicZip.dll
Native extension for WindowsStandalone target not found
Native extension for Android target not found
Refreshing native plugins compatible for Editor in 0.93 ms, found 3 plugins.
Preloading 0 native plugins for Editor in 0.00 ms.
Mono: successfully reloaded assembly
- Completed reload, in  1.986 seconds
Domain Reload Profiling:
	ReloadAssembly (1987ms)
		BeginReloadAssembly (295ms)
			ExecutionOrderSort (0ms)
			DisableScriptedObjects (10ms)
			BackupInstance (0ms)
			ReleaseScriptingObjects (0ms)
			CreateAndSetChildDomain (68ms)
		EndReloadAssembly (1462ms)
			LoadAssemblies (195ms)
			RebuildTransferFunctionScriptingTraits (0ms)
			SetupTypeCache (576ms)
			ReleaseScriptCaches (2ms)
			RebuildScriptCaches (76ms)
			SetupLoadedEditorAssemblies (575ms)
				LogAssemblyErrors (0ms)
				InitializePlatformSupportModulesInManaged (43ms)
				SetLoadedEditorAssemblies (1ms)
				RefreshPlugins (1ms)
				BeforeProcessingInitializeOnLoad (122ms)
				ProcessInitializeOnLoadAttributes (361ms)
				ProcessInitializeOnLoadMethodAttributes (33ms)
				AfterProcessingInitializeOnLoad (14ms)
				EditorAssembliesLoaded (0ms)
			ExecutionOrderSort2 (0ms)
			AwakeInstancesAfterBackupRestoration (12ms)
Platform modules already initialized, skipping
Refreshing native plugins compatible for Editor in 3.06 ms, found 3 plugins.
Preloading 0 native plugins for Editor in 0.00 ms.
Unloading 3048 Unused Serialized files (Serialized files now loaded: 0)
Unloading 17 unused Assets / (80.2 KB). Loaded Objects now: 3579.
Memory consumption went from 114.4 MB to 114.3 MB.
Total: 4.167400 ms (FindLiveObjects: 0.317200 ms CreateObjectMapping: 0.251400 ms MarkObjects: 3.419000 ms  DeleteObjects: 0.178200 ms)

AssetImportParameters requested are different than current active one (requested -> active):
  custom:video-decoder-ogg-theora: a1e56fd34408186e4bbccfd4996cb3dc -> 
  custom:container-muxer-webm: aa71ff27fc2769a1b78a27578f13a17b -> 
  custom:container-demuxer-webm: 4f35f7cbe854078d1ac9338744f61a02 -> 
  custom:video-encoder-webm-vp8: eb34c28f22e8b96e1ab97ce403110664 -> 
  custom:audio-encoder-webm-vorbis: bf7c407c2cedff20999df2af8eb42d56 -> 
  custom:framework-win-MediaFoundation: 216162199b28c13a410421893ffa2e32 -> 
  custom:container-demuxer-ogg: 62fdf1f143b41e24485cea50d1cbac27 -> 
  custom:video-decoder-webm-vp8: 9c59270c3fd7afecdb556c50c9e8de78 -> 
  custom:audio-decoder-ogg-vorbis: bf7c407c2cedff20999df2af8eb42d56 -> 
========================================================================
Received Prepare
Registering precompiled user dll's ...
Registered in 0.009332 seconds.
Begin MonoManager ReloadAssembly
Symbol file LoadedFromMemory doesn't match image C:\Users\USER\MobGameDev2_Project Dessert\Library\PackageCache\com.unity.visualscripting@1.8.0\Editor\VisualScripting.Core\Dependencies\YamlDotNet\Unity.VisualScripting.YamlDotNet.dll
Symbol file LoadedFromMemory doesn't match image C:\Users\USER\MobGameDev2_Project Dessert\Library\PackageCache\com.unity.visualscripting@1.8.0\Editor\VisualScripting.Core\Dependencies\DotNetZip\Unity.VisualScripting.IonicZip.dll
Native extension for WindowsStandalone target not found
Native extension for Android target not found
Refreshing native plugins compatible for Editor in 1.07 ms, found 3 plugins.
Preloading 0 native plugins for Editor in 0.00 ms.
Mono: successfully reloaded assembly
- Completed reload, in  2.255 seconds
Domain Reload Profiling:
	ReloadAssembly (2257ms)
		BeginReloadAssembly (292ms)
			ExecutionOrderSort (0ms)
			DisableScriptedObjects (12ms)
			BackupInstance (0ms)
			ReleaseScriptingObjects (0ms)
			CreateAndSetChildDomain (67ms)
		EndReloadAssembly (1741ms)
			LoadAssemblies (203ms)
			RebuildTransferFunctionScriptingTraits (0ms)
			SetupTypeCache (648ms)
			ReleaseScriptCaches (2ms)
			RebuildScriptCaches (101ms)
			SetupLoadedEditorAssemblies (704ms)
				LogAssemblyErrors (0ms)
				InitializePlatformSupportModulesInManaged (44ms)
				SetLoadedEditorAssemblies (1ms)
				RefreshPlugins (1ms)
				BeforeProcessingInitializeOnLoad (152ms)
				ProcessInitializeOnLoadAttributes (442ms)
				ProcessInitializeOnLoadMethodAttributes (45ms)
				AfterProcessingInitializeOnLoad (18ms)
				EditorAssembliesLoaded (0ms)
			ExecutionOrderSort2 (0ms)
			AwakeInstancesAfterBackupRestoration (14ms)
Platform modules already initialized, skipping
Refreshing native plugins compatible for Editor in 4.90 ms, found 3 plugins.
Preloading 0 native plugins for Editor in 0.00 ms.
Unloading 3048 Unused Serialized files (Serialized files now loaded: 0)
Unloading 17 unused Assets / (80.3 KB). Loaded Objects now: 3582.
Memory consumption went from 114.4 MB to 114.3 MB.
Total: 6.921700 ms (FindLiveObjects: 0.395100 ms CreateObjectMapping: 0.330000 ms MarkObjects: 6.017900 ms  DeleteObjects: 0.177200 ms)

AssetImportParameters requested are different than current active one (requested -> active):
  custom:video-decoder-ogg-theora: a1e56fd34408186e4bbccfd4996cb3dc -> 
  custom:container-muxer-webm: aa71ff27fc2769a1b78a27578f13a17b -> 
  custom:container-demuxer-webm: 4f35f7cbe854078d1ac9338744f61a02 -> 
  custom:video-encoder-webm-vp8: eb34c28f22e8b96e1ab97ce403110664 -> 
  custom:audio-encoder-webm-vorbis: bf7c407c2cedff20999df2af8eb42d56 -> 
  custom:framework-win-MediaFoundation: 216162199b28c13a410421893ffa2e32 -> 
  custom:container-demuxer-ogg: 62fdf1f143b41e24485cea50d1cbac27 -> 
  custom:video-decoder-webm-vp8: 9c59270c3fd7afecdb556c50c9e8de78 -> 
  custom:audio-decoder-ogg-vorbis: bf7c407c2cedff20999df2af8eb42d56 -> 
========================================================================
Received Prepare
Registering precompiled user dll's ...
Registered in 0.008095 seconds.
Begin MonoManager ReloadAssembly
Symbol file LoadedFromMemory doesn't match image C:\Users\USER\MobGameDev2_Project Dessert\Library\PackageCache\com.unity.visualscripting@1.8.0\Editor\VisualScripting.Core\Dependencies\YamlDotNet\Unity.VisualScripting.YamlDotNet.dll
Symbol file LoadedFromMemory doesn't match image C:\Users\USER\MobGameDev2_Project Dessert\Library\PackageCache\com.unity.visualscripting@1.8.0\Editor\VisualScripting.Core\Dependencies\DotNetZip\Unity.VisualScripting.IonicZip.dll
Native extension for WindowsStandalone target not found
Native extension for Android target not found
Refreshing native plugins compatible for Editor in 0.95 ms, found 3 plugins.
Preloading 0 native plugins for Editor in 0.00 ms.
Mono: successfully reloaded assembly
- Completed reload, in  2.236 seconds
Domain Reload Profiling:
	ReloadAssembly (2237ms)
		BeginReloadAssembly (297ms)
			ExecutionOrderSort (0ms)
			DisableScriptedObjects (15ms)
			BackupInstance (0ms)
			ReleaseScriptingObjects (0ms)
			CreateAndSetChildDomain (68ms)
		EndReloadAssembly (1733ms)
			LoadAssemblies (202ms)
			RebuildTransferFunctionScriptingTraits (0ms)
			SetupTypeCache (632ms)
			ReleaseScriptCaches (4ms)
			RebuildScriptCaches (95ms)
			SetupLoadedEditorAssemblies (709ms)
				LogAssemblyErrors (0ms)
				InitializePlatformSupportModulesInManaged (44ms)
				SetLoadedEditorAssemblies (1ms)
				RefreshPlugins (1ms)
				BeforeProcessingInitializeOnLoad (150ms)
				ProcessInitializeOnLoadAttributes (449ms)
				ProcessInitializeOnLoadMethodAttributes (45ms)
				AfterProcessingInitializeOnLoad (19ms)
				EditorAssembliesLoaded (0ms)
			ExecutionOrderSort2 (0ms)
			AwakeInstancesAfterBackupRestoration (16ms)
Platform modules already initialized, skipping
Refreshing native plugins compatible for Editor in 4.64 ms, found 3 plugins.
Preloading 0 native plugins for Editor in 0.00 ms.
Unloading 3048 Unused Serialized files (Serialized files now loaded: 0)
Unloading 17 unused Assets / (80.2 KB). Loaded Objects now: 3585.
Memory consumption went from 114.4 MB to 114.3 MB.
Total: 5.518800 ms (FindLiveObjects: 0.805000 ms CreateObjectMapping: 0.490000 ms MarkObjects: 4.097100 ms  DeleteObjects: 0.124800 ms)

AssetImportParameters requested are different than current active one (requested -> active):
  custom:video-decoder-ogg-theora: a1e56fd34408186e4bbccfd4996cb3dc -> 
  custom:container-muxer-webm: aa71ff27fc2769a1b78a27578f13a17b -> 
  custom:container-demuxer-webm: 4f35f7cbe854078d1ac9338744f61a02 -> 
  custom:video-encoder-webm-vp8: eb34c28f22e8b96e1ab97ce403110664 -> 
  custom:audio-encoder-webm-vorbis: bf7c407c2cedff20999df2af8eb42d56 -> 
  custom:framework-win-MediaFoundation: 216162199b28c13a410421893ffa2e32 -> 
  custom:container-demuxer-ogg: 62fdf1f143b41e24485cea50d1cbac27 -> 
  custom:video-decoder-webm-vp8: 9c59270c3fd7afecdb556c50c9e8de78 -> 
  custom:audio-decoder-ogg-vorbis: bf7c407c2cedff20999df2af8eb42d56 -> 
========================================================================
Received Prepare
Registering precompiled user dll's ...
Registered in 0.007912 seconds.
Begin MonoManager ReloadAssembly
Symbol file LoadedFromMemory doesn't match image C:\Users\USER\MobGameDev2_Project Dessert\Library\PackageCache\com.unity.visualscripting@1.8.0\Editor\VisualScripting.Core\Dependencies\YamlDotNet\Unity.VisualScripting.YamlDotNet.dll
Symbol file LoadedFromMemory doesn't match image C:\Users\USER\MobGameDev2_Project Dessert\Library\PackageCache\com.unity.visualscripting@1.8.0\Editor\VisualScripting.Core\Dependencies\DotNetZip\Unity.VisualScripting.IonicZip.dll
Native extension for WindowsStandalone target not found
Native extension for Android target not found
Refreshing native plugins compatible for Editor in 1.43 ms, found 3 plugins.
Preloading 0 native plugins for Editor in 0.00 ms.
Mono: successfully reloaded assembly
- Completed reload, in  2.703 seconds
Domain Reload Profiling:
	ReloadAssembly (2705ms)
		BeginReloadAssembly (274ms)
			ExecutionOrderSort (0ms)
			DisableScriptedObjects (10ms)
			BackupInstance (0ms)
			ReleaseScriptingObjects (0ms)
			CreateAndSetChildDomain (59ms)
		EndReloadAssembly (2213ms)
			LoadAssemblies (190ms)
			RebuildTransferFunctionScriptingTraits (0ms)
			SetupTypeCache (880ms)
			ReleaseScriptCaches (3ms)
			RebuildScriptCaches (128ms)
			SetupLoadedEditorAssemblies (874ms)
				LogAssemblyErrors (0ms)
				InitializePlatformSupportModulesInManaged (61ms)
				SetLoadedEditorAssemblies (3ms)
				RefreshPlugins (2ms)
				BeforeProcessingInitializeOnLoad (188ms)
				ProcessInitializeOnLoadAttributes (538ms)
				ProcessInitializeOnLoadMethodAttributes (61ms)
				AfterProcessingInitializeOnLoad (20ms)
				EditorAssembliesLoaded (0ms)
			ExecutionOrderSort2 (0ms)
			AwakeInstancesAfterBackupRestoration (16ms)
Platform modules already initialized, skipping
Refreshing native plugins compatible for Editor in 5.19 ms, found 3 plugins.
Preloading 0 native plugins for Editor in 0.00 ms.
Unloading 3048 Unused Serialized files (Serialized files now loaded: 0)
Unloading 17 unused Assets / (80.2 KB). Loaded Objects now: 3588.
Memory consumption went from 114.4 MB to 114.3 MB.
Total: 5.360500 ms (FindLiveObjects: 0.722900 ms CreateObjectMapping: 0.673900 ms MarkObjects: 3.824200 ms  DeleteObjects: 0.138100 ms)

AssetImportParameters requested are different than current active one (requested -> active):
  custom:video-decoder-ogg-theora: a1e56fd34408186e4bbccfd4996cb3dc -> 
  custom:container-muxer-webm: aa71ff27fc2769a1b78a27578f13a17b -> 
  custom:container-demuxer-webm: 4f35f7cbe854078d1ac9338744f61a02 -> 
  custom:video-encoder-webm-vp8: eb34c28f22e8b96e1ab97ce403110664 -> 
  custom:audio-encoder-webm-vorbis: bf7c407c2cedff20999df2af8eb42d56 -> 
  custom:framework-win-MediaFoundation: 216162199b28c13a410421893ffa2e32 -> 
  custom:container-demuxer-ogg: 62fdf1f143b41e24485cea50d1cbac27 -> 
  custom:video-decoder-webm-vp8: 9c59270c3fd7afecdb556c50c9e8de78 -> 
  custom:audio-decoder-ogg-vorbis: bf7c407c2cedff20999df2af8eb42d56 -> 
========================================================================
Received Prepare
Registering precompiled user dll's ...
Registered in 0.011989 seconds.
Begin MonoManager ReloadAssembly
Symbol file LoadedFromMemory doesn't match image C:\Users\USER\MobGameDev2_Project Dessert\Library\PackageCache\com.unity.visualscripting@1.8.0\Editor\VisualScripting.Core\Dependencies\YamlDotNet\Unity.VisualScripting.YamlDotNet.dll
Symbol file LoadedFromMemory doesn't match image C:\Users\USER\MobGameDev2_Project Dessert\Library\PackageCache\com.unity.visualscripting@1.8.0\Editor\VisualScripting.Core\Dependencies\DotNetZip\Unity.VisualScripting.IonicZip.dll
Native extension for WindowsStandalone target not found
Native extension for Android target not found
Refreshing native plugins compatible for Editor in 0.83 ms, found 3 plugins.
Preloading 0 native plugins for Editor in 0.00 ms.
Mono: successfully reloaded assembly
- Completed reload, in  2.369 seconds
Domain Reload Profiling:
	ReloadAssembly (2370ms)
		BeginReloadAssembly (326ms)
			ExecutionOrderSort (0ms)
			DisableScriptedObjects (14ms)
			BackupInstance (0ms)
			ReleaseScriptingObjects (0ms)
			CreateAndSetChildDomain (78ms)
		EndReloadAssembly (1721ms)
			LoadAssemblies (257ms)
			RebuildTransferFunctionScriptingTraits (0ms)
			SetupTypeCache (705ms)
			ReleaseScriptCaches (2ms)
			RebuildScriptCaches (86ms)
			SetupLoadedEditorAssemblies (605ms)
				LogAssemblyErrors (0ms)
				InitializePlatformSupportModulesInManaged (37ms)
				SetLoadedEditorAssemblies (1ms)
				RefreshPlugins (1ms)
				BeforeProcessingInitializeOnLoad (125ms)
				ProcessInitializeOnLoadAttributes (395ms)
				ProcessInitializeOnLoadMethodAttributes (33ms)
				AfterProcessingInitializeOnLoad (13ms)
				EditorAssembliesLoaded (0ms)
			ExecutionOrderSort2 (0ms)
			AwakeInstancesAfterBackupRestoration (15ms)
Platform modules already initialized, skipping
Refreshing native plugins compatible for Editor in 3.31 ms, found 3 plugins.
Preloading 0 native plugins for Editor in 0.00 ms.
Unloading 3048 Unused Serialized files (Serialized files now loaded: 0)
Unloading 17 unused Assets / (80.2 KB). Loaded Objects now: 3591.
Memory consumption went from 114.4 MB to 114.3 MB.
Total: 4.954400 ms (FindLiveObjects: 0.315000 ms CreateObjectMapping: 0.246600 ms MarkObjects: 4.255500 ms  DeleteObjects: 0.135900 ms)

AssetImportParameters requested are different than current active one (requested -> active):
  custom:video-decoder-ogg-theora: a1e56fd34408186e4bbccfd4996cb3dc -> 
  custom:container-muxer-webm: aa71ff27fc2769a1b78a27578f13a17b -> 
  custom:container-demuxer-webm: 4f35f7cbe854078d1ac9338744f61a02 -> 
  custom:video-encoder-webm-vp8: eb34c28f22e8b96e1ab97ce403110664 -> 
  custom:audio-encoder-webm-vorbis: bf7c407c2cedff20999df2af8eb42d56 -> 
  custom:framework-win-MediaFoundation: 216162199b28c13a410421893ffa2e32 -> 
  custom:container-demuxer-ogg: 62fdf1f143b41e24485cea50d1cbac27 -> 
  custom:video-decoder-webm-vp8: 9c59270c3fd7afecdb556c50c9e8de78 -> 
  custom:audio-decoder-ogg-vorbis: bf7c407c2cedff20999df2af8eb42d56 -> 
========================================================================
Received Prepare
Registering precompiled user dll's ...
Registered in 0.008342 seconds.
Begin MonoManager ReloadAssembly
Symbol file LoadedFromMemory doesn't match image C:\Users\USER\MobGameDev2_Project Dessert\Library\PackageCache\com.unity.visualscripting@1.8.0\Editor\VisualScripting.Core\Dependencies\YamlDotNet\Unity.VisualScripting.YamlDotNet.dll
Symbol file LoadedFromMemory doesn't match image C:\Users\USER\MobGameDev2_Project Dessert\Library\PackageCache\com.unity.visualscripting@1.8.0\Editor\VisualScripting.Core\Dependencies\DotNetZip\Unity.VisualScripting.IonicZip.dll
Native extension for WindowsStandalone target not found
Native extension for Android target not found
Refreshing native plugins compatible for Editor in 1.22 ms, found 3 plugins.
Preloading 0 native plugins for Editor in 0.00 ms.
Mono: successfully reloaded assembly
- Completed reload, in  2.208 seconds
Domain Reload Profiling:
	ReloadAssembly (2210ms)
		BeginReloadAssembly (284ms)
			ExecutionOrderSort (0ms)
			DisableScriptedObjects (16ms)
			BackupInstance (0ms)
			ReleaseScriptingObjects (0ms)
			CreateAndSetChildDomain (67ms)
		EndReloadAssembly (1704ms)
			LoadAssemblies (185ms)
			RebuildTransferFunctionScriptingTraits (0ms)
			SetupTypeCache (626ms)
			ReleaseScriptCaches (2ms)
			RebuildScriptCaches (99ms)
			SetupLoadedEditorAssemblies (694ms)
				LogAssemblyErrors (0ms)
				InitializePlatformSupportModulesInManaged (44ms)
				SetLoadedEditorAssemblies (1ms)
				RefreshPlugins (1ms)
				BeforeProcessingInitializeOnLoad (140ms)
				ProcessInitializeOnLoadAttributes (444ms)
				ProcessInitializeOnLoadMethodAttributes (44ms)
				AfterProcessingInitializeOnLoad (19ms)
				EditorAssembliesLoaded (0ms)
			ExecutionOrderSort2 (0ms)
			AwakeInstancesAfterBackupRestoration (13ms)
Platform modules already initialized, skipping
Refreshing native plugins compatible for Editor in 4.87 ms, found 3 plugins.
Preloading 0 native plugins for Editor in 0.00 ms.
Unloading 3048 Unused Serialized files (Serialized files now loaded: 0)
Unloading 17 unused Assets / (81.1 KB). Loaded Objects now: 3594.
Memory consumption went from 114.5 MB to 114.4 MB.
Total: 7.257900 ms (FindLiveObjects: 1.182800 ms CreateObjectMapping: 0.878200 ms MarkObjects: 4.993400 ms  DeleteObjects: 0.201500 ms)

AssetImportParameters requested are different than current active one (requested -> active):
  custom:video-decoder-ogg-theora: a1e56fd34408186e4bbccfd4996cb3dc -> 
  custom:container-muxer-webm: aa71ff27fc2769a1b78a27578f13a17b -> 
  custom:container-demuxer-webm: 4f35f7cbe854078d1ac9338744f61a02 -> 
  custom:video-encoder-webm-vp8: eb34c28f22e8b96e1ab97ce403110664 -> 
  custom:audio-encoder-webm-vorbis: bf7c407c2cedff20999df2af8eb42d56 -> 
  custom:framework-win-MediaFoundation: 216162199b28c13a410421893ffa2e32 -> 
  custom:container-demuxer-ogg: 62fdf1f143b41e24485cea50d1cbac27 -> 
  custom:video-decoder-webm-vp8: 9c59270c3fd7afecdb556c50c9e8de78 -> 
  custom:audio-decoder-ogg-vorbis: bf7c407c2cedff20999df2af8eb42d56 -> 
========================================================================
Received Prepare
Registering precompiled user dll's ...
Registered in 0.015018 seconds.
Begin MonoManager ReloadAssembly
Symbol file LoadedFromMemory doesn't match image C:\Users\USER\MobGameDev2_Project Dessert\Library\PackageCache\com.unity.visualscripting@1.8.0\Editor\VisualScripting.Core\Dependencies\YamlDotNet\Unity.VisualScripting.YamlDotNet.dll
Symbol file LoadedFromMemory doesn't match image C:\Users\USER\MobGameDev2_Project Dessert\Library\PackageCache\com.unity.visualscripting@1.8.0\Editor\VisualScripting.Core\Dependencies\DotNetZip\Unity.VisualScripting.IonicZip.dll
Native extension for WindowsStandalone target not found
Native extension for Android target not found
Refreshing native plugins compatible for Editor in 0.94 ms, found 3 plugins.
Preloading 0 native plugins for Editor in 0.00 ms.
Mono: successfully reloaded assembly
- Completed reload, in  2.852 seconds
Domain Reload Profiling:
	ReloadAssembly (2854ms)
		BeginReloadAssembly (416ms)
			ExecutionOrderSort (0ms)
			DisableScriptedObjects (20ms)
			BackupInstance (0ms)
			ReleaseScriptingObjects (0ms)
			CreateAndSetChildDomain (102ms)
		EndReloadAssembly (2117ms)
			LoadAssemblies (285ms)
			RebuildTransferFunctionScriptingTraits (0ms)
			SetupTypeCache (764ms)
			ReleaseScriptCaches (3ms)
			RebuildScriptCaches (124ms)
			SetupLoadedEditorAssemblies (868ms)
				LogAssemblyErrors (0ms)
				InitializePlatformSupportModulesInManaged (52ms)
				SetLoadedEditorAssemblies (1ms)
				RefreshPlugins (1ms)
				BeforeProcessingInitializeOnLoad (166ms)
				ProcessInitializeOnLoadAttributes (555ms)
				ProcessInitializeOnLoadMethodAttributes (63ms)
				AfterProcessingInitializeOnLoad (29ms)
				EditorAssembliesLoaded (0ms)
			ExecutionOrderSort2 (0ms)
			AwakeInstancesAfterBackupRestoration (17ms)
Platform modules already initialized, skipping
Refreshing native plugins compatible for Editor in 3.40 ms, found 3 plugins.
Preloading 0 native plugins for Editor in 0.00 ms.
Unloading 3048 Unused Serialized files (Serialized files now loaded: 0)
Unloading 17 unused Assets / (80.9 KB). Loaded Objects now: 3597.
Memory consumption went from 114.5 MB to 114.4 MB.
Total: 8.099200 ms (FindLiveObjects: 0.435100 ms CreateObjectMapping: 0.429000 ms MarkObjects: 7.062900 ms  DeleteObjects: 0.170400 ms)

AssetImportParameters requested are different than current active one (requested -> active):
  custom:video-decoder-ogg-theora: a1e56fd34408186e4bbccfd4996cb3dc -> 
  custom:container-muxer-webm: aa71ff27fc2769a1b78a27578f13a17b -> 
  custom:container-demuxer-webm: 4f35f7cbe854078d1ac9338744f61a02 -> 
  custom:video-encoder-webm-vp8: eb34c28f22e8b96e1ab97ce403110664 -> 
  custom:audio-encoder-webm-vorbis: bf7c407c2cedff20999df2af8eb42d56 -> 
  custom:framework-win-MediaFoundation: 216162199b28c13a410421893ffa2e32 -> 
  custom:container-demuxer-ogg: 62fdf1f143b41e24485cea50d1cbac27 -> 
  custom:video-decoder-webm-vp8: 9c59270c3fd7afecdb556c50c9e8de78 -> 
  custom:audio-decoder-ogg-vorbis: bf7c407c2cedff20999df2af8eb42d56 -> 
========================================================================
Received Prepare
Registering precompiled user dll's ...
Registered in 0.013400 seconds.
Begin MonoManager ReloadAssembly
Symbol file LoadedFromMemory doesn't match image C:\Users\USER\MobGameDev2_Project Dessert\Library\PackageCache\com.unity.visualscripting@1.8.0\Editor\VisualScripting.Core\Dependencies\YamlDotNet\Unity.VisualScripting.YamlDotNet.dll
Symbol file LoadedFromMemory doesn't match image C:\Users\USER\MobGameDev2_Project Dessert\Library\PackageCache\com.unity.visualscripting@1.8.0\Editor\VisualScripting.Core\Dependencies\DotNetZip\Unity.VisualScripting.IonicZip.dll
Native extension for WindowsStandalone target not found
Native extension for Android target not found
Refreshing native plugins compatible for Editor in 3.63 ms, found 3 plugins.
Preloading 0 native plugins for Editor in 0.00 ms.
Mono: successfully reloaded assembly
- Completed reload, in  3.308 seconds
Domain Reload Profiling:
	ReloadAssembly (3310ms)
		BeginReloadAssembly (407ms)
			ExecutionOrderSort (0ms)
			DisableScriptedObjects (18ms)
			BackupInstance (0ms)
			ReleaseScriptingObjects (0ms)
			CreateAndSetChildDomain (97ms)
		EndReloadAssembly (2571ms)
			LoadAssemblies (273ms)
			RebuildTransferFunctionScriptingTraits (0ms)
			SetupTypeCache (954ms)
			ReleaseScriptCaches (4ms)
			RebuildScriptCaches (139ms)
			SetupLoadedEditorAssemblies (1052ms)
				LogAssemblyErrors (0ms)
				InitializePlatformSupportModulesInManaged (71ms)
				SetLoadedEditorAssemblies (1ms)
				RefreshPlugins (4ms)
				BeforeProcessingInitializeOnLoad (211ms)
				ProcessInitializeOnLoadAttributes (665ms)
				ProcessInitializeOnLoadMethodAttributes (65ms)
				AfterProcessingInitializeOnLoad (34ms)
				EditorAssembliesLoaded (1ms)
			ExecutionOrderSort2 (0ms)
			AwakeInstancesAfterBackupRestoration (21ms)
Platform modules already initialized, skipping
Refreshing native plugins compatible for Editor in 6.46 ms, found 3 plugins.
Preloading 0 native plugins for Editor in 0.00 ms.
Unloading 3048 Unused Serialized files (Serialized files now loaded: 0)
Unloading 17 unused Assets / (81.0 KB). Loaded Objects now: 3600.
Memory consumption went from 114.5 MB to 114.4 MB.
Total: 9.323600 ms (FindLiveObjects: 0.698400 ms CreateObjectMapping: 0.570200 ms MarkObjects: 7.889900 ms  DeleteObjects: 0.163400 ms)

AssetImportParameters requested are different than current active one (requested -> active):
  custom:video-decoder-ogg-theora: a1e56fd34408186e4bbccfd4996cb3dc -> 
  custom:container-muxer-webm: aa71ff27fc2769a1b78a27578f13a17b -> 
  custom:container-demuxer-webm: 4f35f7cbe854078d1ac9338744f61a02 -> 
  custom:video-encoder-webm-vp8: eb34c28f22e8b96e1ab97ce403110664 -> 
  custom:audio-encoder-webm-vorbis: bf7c407c2cedff20999df2af8eb42d56 -> 
  custom:framework-win-MediaFoundation: 216162199b28c13a410421893ffa2e32 -> 
  custom:container-demuxer-ogg: 62fdf1f143b41e24485cea50d1cbac27 -> 
  custom:video-decoder-webm-vp8: 9c59270c3fd7afecdb556c50c9e8de78 -> 
  custom:audio-decoder-ogg-vorbis: bf7c407c2cedff20999df2af8eb42d56 -> 
========================================================================
Received Prepare
Registering precompiled user dll's ...
Registered in 0.014806 seconds.
Begin MonoManager ReloadAssembly
Symbol file LoadedFromMemory doesn't match image C:\Users\USER\MobGameDev2_Project Dessert\Library\PackageCache\com.unity.visualscripting@1.8.0\Editor\VisualScripting.Core\Dependencies\YamlDotNet\Unity.VisualScripting.YamlDotNet.dll
Symbol file LoadedFromMemory doesn't match image C:\Users\USER\MobGameDev2_Project Dessert\Library\PackageCache\com.unity.visualscripting@1.8.0\Editor\VisualScripting.Core\Dependencies\DotNetZip\Unity.VisualScripting.IonicZip.dll
Native extension for WindowsStandalone target not found
Native extension for Android target not found
Refreshing native plugins compatible for Editor in 2.21 ms, found 3 plugins.
Preloading 0 native plugins for Editor in 0.00 ms.
Mono: successfully reloaded assembly
- Completed reload, in  3.385 seconds
Domain Reload Profiling:
	ReloadAssembly (3387ms)
		BeginReloadAssembly (403ms)
			ExecutionOrderSort (0ms)
			DisableScriptedObjects (18ms)
			BackupInstance (0ms)
			ReleaseScriptingObjects (0ms)
			CreateAndSetChildDomain (93ms)
		EndReloadAssembly (2631ms)
			LoadAssemblies (283ms)
			RebuildTransferFunctionScriptingTraits (0ms)
			SetupTypeCache (1010ms)
			ReleaseScriptCaches (3ms)
			RebuildScriptCaches (146ms)
			SetupLoadedEditorAssemblies (1028ms)
				LogAssemblyErrors (0ms)
				InitializePlatformSupportModulesInManaged (67ms)
				SetLoadedEditorAssemblies (1ms)
				RefreshPlugins (2ms)
				BeforeProcessingInitializeOnLoad (208ms)
				ProcessInitializeOnLoadAttributes (644ms)
				ProcessInitializeOnLoadMethodAttributes (75ms)
				AfterProcessingInitializeOnLoad (30ms)
				EditorAssembliesLoaded (1ms)
			ExecutionOrderSort2 (0ms)
			AwakeInstancesAfterBackupRestoration (21ms)
Platform modules already initialized, skipping
Refreshing native plugins compatible for Editor in 8.18 ms, found 3 plugins.
Preloading 0 native plugins for Editor in 0.00 ms.
Unloading 3048 Unused Serialized files (Serialized files now loaded: 0)
Unloading 17 unused Assets / (81.0 KB). Loaded Objects now: 3603.
Memory consumption went from 114.5 MB to 114.4 MB.
Total: 7.719800 ms (FindLiveObjects: 0.393900 ms CreateObjectMapping: 0.403000 ms MarkObjects: 6.691100 ms  DeleteObjects: 0.229400 ms)

AssetImportParameters requested are different than current active one (requested -> active):
  custom:video-decoder-ogg-theora: a1e56fd34408186e4bbccfd4996cb3dc -> 
  custom:container-muxer-webm: aa71ff27fc2769a1b78a27578f13a17b -> 
  custom:container-demuxer-webm: 4f35f7cbe854078d1ac9338744f61a02 -> 
  custom:video-encoder-webm-vp8: eb34c28f22e8b96e1ab97ce403110664 -> 
  custom:audio-encoder-webm-vorbis: bf7c407c2cedff20999df2af8eb42d56 -> 
  custom:framework-win-MediaFoundation: 216162199b28c13a410421893ffa2e32 -> 
  custom:container-demuxer-ogg: 62fdf1f143b41e24485cea50d1cbac27 -> 
  custom:video-decoder-webm-vp8: 9c59270c3fd7afecdb556c50c9e8de78 -> 
  custom:audio-decoder-ogg-vorbis: bf7c407c2cedff20999df2af8eb42d56 -> 
========================================================================
Received Prepare
Registering precompiled user dll's ...
Registered in 0.017893 seconds.
Begin MonoManager ReloadAssembly
Symbol file LoadedFromMemory doesn't match image C:\Users\USER\MobGameDev2_Project Dessert\Library\PackageCache\com.unity.visualscripting@1.8.0\Editor\VisualScripting.Core\Dependencies\YamlDotNet\Unity.VisualScripting.YamlDotNet.dll
Symbol file LoadedFromMemory doesn't match image C:\Users\USER\MobGameDev2_Project Dessert\Library\PackageCache\com.unity.visualscripting@1.8.0\Editor\VisualScripting.Core\Dependencies\DotNetZip\Unity.VisualScripting.IonicZip.dll
Native extension for WindowsStandalone target not found
Native extension for Android target not found
Refreshing native plugins compatible for Editor in 1.07 ms, found 3 plugins.
Preloading 0 native plugins for Editor in 0.00 ms.
Mono: successfully reloaded assembly
- Completed reload, in  3.340 seconds
Domain Reload Profiling:
	ReloadAssembly (3342ms)
		BeginReloadAssembly (410ms)
			ExecutionOrderSort (0ms)
			DisableScriptedObjects (26ms)
			BackupInstance (0ms)
			ReleaseScriptingObjects (0ms)
			CreateAndSetChildDomain (91ms)
		EndReloadAssembly (2586ms)
			LoadAssemblies (273ms)
			RebuildTransferFunctionScriptingTraits (0ms)
			SetupTypeCache (953ms)
			ReleaseScriptCaches (2ms)
			RebuildScriptCaches (170ms)
			SetupLoadedEditorAssemblies (1026ms)
				LogAssemblyErrors (0ms)
				InitializePlatformSupportModulesInManaged (66ms)
				SetLoadedEditorAssemblies (1ms)
				RefreshPlugins (1ms)
				BeforeProcessingInitializeOnLoad (210ms)
				ProcessInitializeOnLoadAttributes (647ms)
				ProcessInitializeOnLoadMethodAttributes (68ms)
				AfterProcessingInitializeOnLoad (31ms)
				EditorAssembliesLoaded (0ms)
			ExecutionOrderSort2 (0ms)
			AwakeInstancesAfterBackupRestoration (22ms)
Platform modules already initialized, skipping
Refreshing native plugins compatible for Editor in 6.75 ms, found 3 plugins.
Preloading 0 native plugins for Editor in 0.00 ms.
Unloading 3048 Unused Serialized files (Serialized files now loaded: 0)
Unloading 17 unused Assets / (81.0 KB). Loaded Objects now: 3606.
Memory consumption went from 114.5 MB to 114.4 MB.
Total: 8.663400 ms (FindLiveObjects: 0.825900 ms CreateObjectMapping: 0.300400 ms MarkObjects: 7.363000 ms  DeleteObjects: 0.172500 ms)

AssetImportParameters requested are different than current active one (requested -> active):
  custom:video-decoder-ogg-theora: a1e56fd34408186e4bbccfd4996cb3dc -> 
  custom:container-muxer-webm: aa71ff27fc2769a1b78a27578f13a17b -> 
  custom:container-demuxer-webm: 4f35f7cbe854078d1ac9338744f61a02 -> 
  custom:video-encoder-webm-vp8: eb34c28f22e8b96e1ab97ce403110664 -> 
  custom:audio-encoder-webm-vorbis: bf7c407c2cedff20999df2af8eb42d56 -> 
  custom:framework-win-MediaFoundation: 216162199b28c13a410421893ffa2e32 -> 
  custom:container-demuxer-ogg: 62fdf1f143b41e24485cea50d1cbac27 -> 
  custom:video-decoder-webm-vp8: 9c59270c3fd7afecdb556c50c9e8de78 -> 
  custom:audio-decoder-ogg-vorbis: bf7c407c2cedff20999df2af8eb42d56 -> 
========================================================================
Received Prepare
Registering precompiled user dll's ...
Registered in 0.020788 seconds.
Begin MonoManager ReloadAssembly
Symbol file LoadedFromMemory doesn't match image C:\Users\USER\MobGameDev2_Project Dessert\Library\PackageCache\com.unity.visualscripting@1.8.0\Editor\VisualScripting.Core\Dependencies\YamlDotNet\Unity.VisualScripting.YamlDotNet.dll
Symbol file LoadedFromMemory doesn't match image C:\Users\USER\MobGameDev2_Project Dessert\Library\PackageCache\com.unity.visualscripting@1.8.0\Editor\VisualScripting.Core\Dependencies\DotNetZip\Unity.VisualScripting.IonicZip.dll
Native extension for WindowsStandalone target not found
Native extension for Android target not found
Refreshing native plugins compatible for Editor in 1.60 ms, found 3 plugins.
Preloading 0 native plugins for Editor in 0.00 ms.
Mono: successfully reloaded assembly
- Completed reload, in  3.266 seconds
Domain Reload Profiling:
	ReloadAssembly (3268ms)
		BeginReloadAssembly (470ms)
			ExecutionOrderSort (0ms)
			DisableScriptedObjects (23ms)
			BackupInstance (0ms)
			ReleaseScriptingObjects (0ms)
			CreateAndSetChildDomain (112ms)
		EndReloadAssembly (2332ms)
			LoadAssemblies (319ms)
			RebuildTransferFunctionScriptingTraits (0ms)
			SetupTypeCache (994ms)
			ReleaseScriptCaches (4ms)
			RebuildScriptCaches (110ms)
			SetupLoadedEditorAssemblies (827ms)
				LogAssemblyErrors (0ms)
				InitializePlatformSupportModulesInManaged (57ms)
				SetLoadedEditorAssemblies (1ms)
				RefreshPlugins (2ms)
				BeforeProcessingInitializeOnLoad (169ms)
				ProcessInitializeOnLoadAttributes (511ms)
				ProcessInitializeOnLoadMethodAttributes (59ms)
				AfterProcessingInitializeOnLoad (28ms)
				EditorAssembliesLoaded (0ms)
			ExecutionOrderSort2 (0ms)
			AwakeInstancesAfterBackupRestoration (16ms)
Platform modules already initialized, skipping
Refreshing native plugins compatible for Editor in 3.30 ms, found 3 plugins.
Preloading 0 native plugins for Editor in 0.00 ms.
Unloading 3048 Unused Serialized files (Serialized files now loaded: 0)
Unloading 17 unused Assets / (80.9 KB). Loaded Objects now: 3609.
Memory consumption went from 114.5 MB to 114.4 MB.
Total: 5.966900 ms (FindLiveObjects: 0.386200 ms CreateObjectMapping: 0.303400 ms MarkObjects: 5.099900 ms  DeleteObjects: 0.175400 ms)

AssetImportParameters requested are different than current active one (requested -> active):
  custom:video-decoder-ogg-theora: a1e56fd34408186e4bbccfd4996cb3dc -> 
  custom:container-muxer-webm: aa71ff27fc2769a1b78a27578f13a17b -> 
  custom:container-demuxer-webm: 4f35f7cbe854078d1ac9338744f61a02 -> 
  custom:video-encoder-webm-vp8: eb34c28f22e8b96e1ab97ce403110664 -> 
  custom:audio-encoder-webm-vorbis: bf7c407c2cedff20999df2af8eb42d56 -> 
  custom:framework-win-MediaFoundation: 216162199b28c13a410421893ffa2e32 -> 
  custom:container-demuxer-ogg: 62fdf1f143b41e24485cea50d1cbac27 -> 
  custom:video-decoder-webm-vp8: 9c59270c3fd7afecdb556c50c9e8de78 -> 
  custom:audio-decoder-ogg-vorbis: bf7c407c2cedff20999df2af8eb42d56 -> 
========================================================================
Received Prepare
Registering precompiled user dll's ...
Registered in 0.015289 seconds.
Begin MonoManager ReloadAssembly
Symbol file LoadedFromMemory doesn't match image C:\Users\USER\MobGameDev2_Project Dessert\Library\PackageCache\com.unity.visualscripting@1.8.0\Editor\VisualScripting.Core\Dependencies\YamlDotNet\Unity.VisualScripting.YamlDotNet.dll
Symbol file LoadedFromMemory doesn't match image C:\Users\USER\MobGameDev2_Project Dessert\Library\PackageCache\com.unity.visualscripting@1.8.0\Editor\VisualScripting.Core\Dependencies\DotNetZip\Unity.VisualScripting.IonicZip.dll
Native extension for WindowsStandalone target not found
Native extension for Android target not found
Refreshing native plugins compatible for Editor in 1.17 ms, found 3 plugins.
Preloading 0 native plugins for Editor in 0.00 ms.
Mono: successfully reloaded assembly
- Completed reload, in  3.123 seconds
Domain Reload Profiling:
	ReloadAssembly (3125ms)
		BeginReloadAssembly (399ms)
			ExecutionOrderSort (0ms)
			DisableScriptedObjects (17ms)
			BackupInstance (0ms)
			ReleaseScriptingObjects (0ms)
			CreateAndSetChildDomain (76ms)
		EndReloadAssembly (2430ms)
			LoadAssemblies (279ms)
			RebuildTransferFunctionScriptingTraits (0ms)
			SetupTypeCache (878ms)
			ReleaseScriptCaches (3ms)
			RebuildScriptCaches (141ms)
			SetupLoadedEditorAssemblies (1018ms)
				LogAssemblyErrors (0ms)
				InitializePlatformSupportModulesInManaged (64ms)
				SetLoadedEditorAssemblies (2ms)
				RefreshPlugins (1ms)
				BeforeProcessingInitializeOnLoad (218ms)
				ProcessInitializeOnLoadAttributes (634ms)
				ProcessInitializeOnLoadMethodAttributes (68ms)
				AfterProcessingInitializeOnLoad (29ms)
				EditorAssembliesLoaded (0ms)
			ExecutionOrderSort2 (0ms)
			AwakeInstancesAfterBackupRestoration (21ms)
Platform modules already initialized, skipping
Refreshing native plugins compatible for Editor in 7.53 ms, found 3 plugins.
Preloading 0 native plugins for Editor in 0.00 ms.
Unloading 3048 Unused Serialized files (Serialized files now loaded: 0)
Unloading 17 unused Assets / (81.0 KB). Loaded Objects now: 3612.
Memory consumption went from 114.5 MB to 114.4 MB.
Total: 8.056100 ms (FindLiveObjects: 0.586800 ms CreateObjectMapping: 0.526200 ms MarkObjects: 6.715800 ms  DeleteObjects: 0.225100 ms)

AssetImportParameters requested are different than current active one (requested -> active):
  custom:video-decoder-ogg-theora: a1e56fd34408186e4bbccfd4996cb3dc -> 
  custom:container-muxer-webm: aa71ff27fc2769a1b78a27578f13a17b -> 
  custom:container-demuxer-webm: 4f35f7cbe854078d1ac9338744f61a02 -> 
  custom:video-encoder-webm-vp8: eb34c28f22e8b96e1ab97ce403110664 -> 
  custom:audio-encoder-webm-vorbis: bf7c407c2cedff20999df2af8eb42d56 -> 
  custom:framework-win-MediaFoundation: 216162199b28c13a410421893ffa2e32 -> 
  custom:container-demuxer-ogg: 62fdf1f143b41e24485cea50d1cbac27 -> 
  custom:video-decoder-webm-vp8: 9c59270c3fd7afecdb556c50c9e8de78 -> 
  custom:audio-decoder-ogg-vorbis: bf7c407c2cedff20999df2af8eb42d56 -> 
========================================================================
Received Prepare
Registering precompiled user dll's ...
Registered in 0.007872 seconds.
Begin MonoManager ReloadAssembly
Symbol file LoadedFromMemory doesn't match image C:\Users\USER\MobGameDev2_Project Dessert\Library\PackageCache\com.unity.visualscripting@1.8.0\Editor\VisualScripting.Core\Dependencies\YamlDotNet\Unity.VisualScripting.YamlDotNet.dll
Symbol file LoadedFromMemory doesn't match image C:\Users\USER\MobGameDev2_Project Dessert\Library\PackageCache\com.unity.visualscripting@1.8.0\Editor\VisualScripting.Core\Dependencies\DotNetZip\Unity.VisualScripting.IonicZip.dll
Native extension for WindowsStandalone target not found
Native extension for Android target not found
Refreshing native plugins compatible for Editor in 0.90 ms, found 3 plugins.
Preloading 0 native plugins for Editor in 0.00 ms.
Mono: successfully reloaded assembly
- Completed reload, in  2.272 seconds
Domain Reload Profiling:
	ReloadAssembly (2274ms)
		BeginReloadAssembly (290ms)
			ExecutionOrderSort (0ms)
			DisableScriptedObjects (12ms)
			BackupInstance (0ms)
			ReleaseScriptingObjects (0ms)
			CreateAndSetChildDomain (65ms)
		EndReloadAssembly (1763ms)
			LoadAssemblies (205ms)
			RebuildTransferFunctionScriptingTraits (0ms)
			SetupTypeCache (644ms)
			ReleaseScriptCaches (3ms)
			RebuildScriptCaches (99ms)
			SetupLoadedEditorAssemblies (724ms)
				LogAssemblyErrors (0ms)
				InitializePlatformSupportModulesInManaged (47ms)
				SetLoadedEditorAssemblies (1ms)
				RefreshPlugins (1ms)
				BeforeProcessingInitializeOnLoad (149ms)
				ProcessInitializeOnLoadAttributes (453ms)
				ProcessInitializeOnLoadMethodAttributes (49ms)
				AfterProcessingInitializeOnLoad (24ms)
				EditorAssembliesLoaded (0ms)
			ExecutionOrderSort2 (0ms)
			AwakeInstancesAfterBackupRestoration (15ms)
Platform modules already initialized, skipping
Refreshing native plugins compatible for Editor in 5.01 ms, found 3 plugins.
Preloading 0 native plugins for Editor in 0.00 ms.
Unloading 3048 Unused Serialized files (Serialized files now loaded: 0)
Unloading 17 unused Assets / (81.1 KB). Loaded Objects now: 3615.
Memory consumption went from 114.6 MB to 114.5 MB.
Total: 5.673800 ms (FindLiveObjects: 0.802200 ms CreateObjectMapping: 0.553200 ms MarkObjects: 4.046800 ms  DeleteObjects: 0.268500 ms)

AssetImportParameters requested are different than current active one (requested -> active):
  custom:video-decoder-ogg-theora: a1e56fd34408186e4bbccfd4996cb3dc -> 
  custom:container-muxer-webm: aa71ff27fc2769a1b78a27578f13a17b -> 
  custom:container-demuxer-webm: 4f35f7cbe854078d1ac9338744f61a02 -> 
  custom:video-encoder-webm-vp8: eb34c28f22e8b96e1ab97ce403110664 -> 
  custom:audio-encoder-webm-vorbis: bf7c407c2cedff20999df2af8eb42d56 -> 
  custom:framework-win-MediaFoundation: 216162199b28c13a410421893ffa2e32 -> 
  custom:container-demuxer-ogg: 62fdf1f143b41e24485cea50d1cbac27 -> 
  custom:video-decoder-webm-vp8: 9c59270c3fd7afecdb556c50c9e8de78 -> 
  custom:audio-decoder-ogg-vorbis: bf7c407c2cedff20999df2af8eb42d56 -> 
